<html>
<head>
<title>TestNG:  LEO</title>
<link href="../testng.css" rel="stylesheet" type="text/css" />
<link href="../my-testng.css" rel="stylesheet" type="text/css" />

<style type="text/css">
.log { display: none;} 
.stack-trace { display: none;} 
</style>
<script type="text/javascript">
<!--
function flip(e) {
  current = e.style.display;
  if (current == 'block') {
    e.style.display = 'none';
    return 0;
  }
  else {
    e.style.display = 'block';
    return 1;
  }
}

function toggleBox(szDivId, elem, msg1, msg2)
{
  var res = -1;  if (document.getElementById) {
    res = flip(document.getElementById(szDivId));
  }
  else if (document.all) {
    // this is the way old msie versions work
    res = flip(document.all[szDivId]);
  }
  if(elem) {
    if(res == 0) elem.innerHTML = msg1; else elem.innerHTML = msg2;
  }

}

function toggleAllBoxes() {
  if (document.getElementsByTagName) {
    d = document.getElementsByTagName('div');
    for (i = 0; i < d.length; i++) {
      if (d[i].className == 'log') {
        flip(d[i]);
      }
    }
  }
}

// -->
</script>

</head>
<body>
<h2 align='center'>LEO</h2><table border='1' align="center">
<tr>
<td>Tests passed/Failed/Skipped:</td><td>6/3/0</td>
</tr><tr>
<td>Started on:</td><td>Tue Apr 09 12:07:44 IST 2019</td>
</tr>
<tr><td>Total time:</td><td>1080 seconds (1080090 ms)</td>
</tr><tr>
<td>Included groups:</td><td></td>
</tr><tr>
<td>Excluded groups:</td><td></td>
</tr>
</table><p/>
<small><i>(Hover the method name to see the test class name)</i></small><p/>
<table width='100%' border='1' class='invocation-failed'>
<tr><td colspan='4' align='center'><b>FAILED TESTS</b></td></tr>
<tr><td><b>Test method</b></td>
<td width="30%"><b>Exception</b></td>
<td width="10%"><b>Time (seconds)</b></td>
<td><b>Instance</b></td>
</tr>
<tr>
<td title='com.scripts.noen.CashierAndManagerTC.AddDebitCardManualSameCard.VerifyAddDebitCardManualSameCard()'><b>VerifyAddDebitCardManualSameCard</b><br>Test class: com.scripts.noen.CashierAndManagerTC.AddDebitCardManualSameCard<br/>
<a href="#Output-1882950972" onClick='toggleBox("Output-1882950972", this, "Show output", "Hide output");'>Show output</a>

<a href="#Output-1882950972" onClick="toggleAllBoxes();">Show all outputs</a>
<div class='log' id="Output-1882950972">
Step >> Enter username<br/>
Step >> Enter password<br/>
Step >> Click on signBtn<br/>
Step >> Click on top Navigation Credit<br/>
Step >> Click on Debit Card Menu <br/>
Step >> Click on Add Debit Card <br/>
Step >> Enter First two letters of Surname and Last 4 digit of Debit card<br/>
Step >> Verify Account NameLabel displayed<br/>
Step >> Verify Account Name Value displayed<br/>
Step >> Verify Account Number Label displayed<br/>
Step >> Verify AccountNumber Value displayed<br/>
Step >> Verify Bank Label displayed<br/>
Step >> Verify Bank Value displayed<br/>
Step >> Verify Customer Name label displayed<br/>
Step >> Verify CustomerName Value displayed<br/>
Step >> Verify Customer Number Label displayed<br/>
Step >> Verify Customer Number Value displayed<br/>
Step >> Verify AmountAvailable Label displayed<br/>
Step >> Verify AmountAvailable Value displayed<br/>
Step >> Enter Amount<br/>
Step >> selemanager <br/>
Step >> Enter Transaction code<br/>
Step >> Click on Manual radioButton<br/>
Step >> Click on Save <br/>
Step >> Verify processTransactionMsg displayed<br/>
Step >> Click on Yes button<br/>
Step >> Verify transactionCompletedMsg displayed<br/>
Step >> Click on ok  button<br/>
Step >> verify same card button <br/>
Step >> click on same card button <br/>
Step >> Enter Amount<br/>
Step >> selemanager <br/>
Step >> Enter Transaction code<br/>
Step >> Click on Save <br/>
Step >> Verify processTransactionMsg displayed<br/>
Step >> Click on Yes button<br/>
</div>
</td>
<td><div><pre>java.lang.AssertionError: expected [true] but found [false]
	at com.generic.Utilities.addAssertTakeScreenShot(Utilities.java:383)
	at com.generic.Utilities.logReporter(Utilities.java:307)
	at com.pageFactory.CashierManagerTC.TopNavigation_Credit.addDebitCardForSameCard(TopNavigation_Credit.java:703)
	at com.scripts.noen.CashierAndManagerTC.AddDebitCardManualSameCard.VerifyAddDebitCardManualSameCard(AddDebitCardManualSameCard.java:36)
... Removed 37 stack frames</pre></div><a href='#' onClick='toggleBox("stack-trace1882950972", this, "Click to show all stack frames", "Click to hide stack frames")'>Click to show all stack frames</a>
<div class='stack-trace' id='stack-trace1882950972'><pre>java.lang.AssertionError: expected [true] but found [false]
	at org.testng.Assert.fail(Assert.java:94)
	at org.testng.Assert.failNotEquals(Assert.java:496)
	at org.testng.Assert.assertTrue(Assert.java:42)
	at org.testng.Assert.assertTrue(Assert.java:52)
	at com.generic.Utilities.addAssertTakeScreenShot(Utilities.java:383)
	at com.generic.Utilities.logReporter(Utilities.java:307)
	at com.pageFactory.CashierManagerTC.TopNavigation_Credit.addDebitCardForSameCard(TopNavigation_Credit.java:703)
	at com.scripts.noen.CashierAndManagerTC.AddDebitCardManualSameCard.VerifyAddDebitCardManualSameCard(AddDebitCardManualSameCard.java:36)
	at sun.reflect.NativeMethodAccessorImpl.invoke0(Native Method)
	at sun.reflect.NativeMethodAccessorImpl.invoke(NativeMethodAccessorImpl.java:62)
	at sun.reflect.DelegatingMethodAccessorImpl.invoke(DelegatingMethodAccessorImpl.java:43)
	at java.lang.reflect.Method.invoke(Method.java:498)
	at org.testng.internal.MethodInvocationHelper.invokeMethod(MethodInvocationHelper.java:85)
	at org.testng.internal.Invoker.invokeMethod(Invoker.java:639)
	at org.testng.internal.Invoker.invokeTestMethod(Invoker.java:821)
	at org.testng.internal.Invoker.invokeTestMethods(Invoker.java:1131)
	at org.testng.internal.TestMethodWorker.invokeTestMethods(TestMethodWorker.java:124)
	at org.testng.internal.TestMethodWorker.run(TestMethodWorker.java:108)
	at org.testng.TestRunner.privateRun(TestRunner.java:773)
	at org.testng.TestRunner.run(TestRunner.java:623)
	at org.testng.SuiteRunner.runTest(SuiteRunner.java:357)
	at org.testng.SuiteRunner.runSequentially(SuiteRunner.java:352)
	at org.testng.SuiteRunner.privateRun(SuiteRunner.java:310)
	at org.testng.SuiteRunner.run(SuiteRunner.java:259)
	at org.testng.SuiteRunnerWorker.runSuite(SuiteRunnerWorker.java:52)
	at org.testng.SuiteRunnerWorker.run(SuiteRunnerWorker.java:86)
	at org.testng.TestNG.runSuitesSequentially(TestNG.java:1185)
	at org.testng.TestNG.runSuitesLocally(TestNG.java:1110)
	at org.testng.TestNG.run(TestNG.java:1018)
	at org.apache.maven.surefire.testng.TestNGExecutor.run(TestNGExecutor.java:178)
	at org.apache.maven.surefire.testng.TestNGXmlTestSuite.execute(TestNGXmlTestSuite.java:92)
	at org.apache.maven.surefire.testng.TestNGProvider.invoke(TestNGProvider.java:96)
	at sun.reflect.NativeMethodAccessorImpl.invoke0(Native Method)
	at sun.reflect.NativeMethodAccessorImpl.invoke(NativeMethodAccessorImpl.java:62)
	at sun.reflect.DelegatingMethodAccessorImpl.invoke(DelegatingMethodAccessorImpl.java:43)
	at java.lang.reflect.Method.invoke(Method.java:498)
	at org.apache.maven.surefire.util.ReflectionUtils.invokeMethodWithArray2(ReflectionUtils.java:208)
	at org.apache.maven.surefire.booter.ProviderFactory$ProviderProxy.invoke(ProviderFactory.java:158)
	at org.apache.maven.surefire.booter.ProviderFactory.invokeProvider(ProviderFactory.java:86)
	at org.apache.maven.surefire.booter.ForkedBooter.runSuitesInProcess(ForkedBooter.java:153)
	at org.apache.maven.surefire.booter.ForkedBooter.main(ForkedBooter.java:95)
</pre></div></td>
<td>188</td>
<td>com.scripts.noen.CashierAndManagerTC.AddDebitCardManualSameCard@787508ca</td></tr>
<tr>
<td title='com.scripts.noen.CashierAndManagerTC.AddDebitCardManualSameCard.ViewVoidDebitCard()'><b>ViewVoidDebitCard</b><br>Test class: com.scripts.noen.CashierAndManagerTC.AddDebitCardManualSameCard<br/>
<a href="#Output-221304525" onClick='toggleBox("Output-221304525", this, "Show output", "Hide output");'>Show output</a>

<a href="#Output-221304525" onClick="toggleAllBoxes();">Show all outputs</a>
<div class='log' id="Output-221304525">
Step >> Click on top Navigation Credit<br/>
</div>
</td>
<td><div><pre>org.openqa.selenium.TimeoutException: Expected condition failed: waiting for visibility of element located by By.cssSelector: a#DebitCards_ViewDebitCard_Menu (tried for 30 second(s) with 500 MILLISECONDS interval)
Build info: version: &apos;3.7.1&apos;, revision: &apos;8a0099a&apos;, time: &apos;2017-11-06T21:01:39.354Z&apos;
System info: host: &apos;DFWQB9R2&apos;, ip: &apos;192.168.156.88&apos;, os.name: &apos;Windows 10&apos;, os.arch: &apos;amd64&apos;, os.version: &apos;10.0&apos;, java.version: &apos;1.8.0_162&apos;
Driver info: org.openqa.selenium.ie.InternetExplorerDriver
Capabilities {browserAttachTimeout: 0, browserName: internet explorer, elementScrollBehavior: 0, enableElementCacheCleanup: true, enablePersistentHover: true, ie.browserCommandLineSwitches: , ie.enableFullPageScreenshot: true, ie.ensureCleanSession: false, ie.fileUploadDialogTimeout: 3000, ie.forceCreateProcessApi: false, ie.forceShellWindowsApi: false, ignoreProtectedModeSettings: true, ignoreZoomSetting: false, initialBrowserUrl: http://localhost:1717/, javascriptEnabled: true, nativeEvents: true, pageLoadStrategy: normal, platform: WINDOWS, platformName: WINDOWS, requireWindowFocus: false, unexpectedAlertBehaviour: dismiss, unhandledPromptBehavior: dismiss, version: 11}
Session ID: 4408b247-05e7-4810-8c61-cbdb6a95e2bf
	at org.openqa.selenium.support.ui.WebDriverWait.timeoutException(WebDriverWait.java:82)
	at org.openqa.selenium.support.ui.FluentWait.until(FluentWait.java:231)
	at com.generic.WrapperFunctions.click(WrapperFunctions.java:730)
	at com.pageFactory.CashierManagerTC.TopNavigation_Credit.NavigteToViewDebitCards(TopNavigation_Credit.java:718)
	at com.scripts.noen.CashierAndManagerTC.AddDebitCardManualSameCard.ViewVoidDebitCard(AddDebitCardManualSameCard.java:49)
... Removed 33 stack frames</pre></div><a href='#' onClick='toggleBox("stack-trace221304525", this, "Click to show all stack frames", "Click to hide stack frames")'>Click to show all stack frames</a>
<div class='stack-trace' id='stack-trace221304525'><pre>org.openqa.selenium.TimeoutException: Expected condition failed: waiting for visibility of element located by By.cssSelector: a#DebitCards_ViewDebitCard_Menu (tried for 30 second(s) with 500 MILLISECONDS interval)
Build info: version: &apos;3.7.1&apos;, revision: &apos;8a0099a&apos;, time: &apos;2017-11-06T21:01:39.354Z&apos;
System info: host: &apos;DFWQB9R2&apos;, ip: &apos;192.168.156.88&apos;, os.name: &apos;Windows 10&apos;, os.arch: &apos;amd64&apos;, os.version: &apos;10.0&apos;, java.version: &apos;1.8.0_162&apos;
Driver info: org.openqa.selenium.ie.InternetExplorerDriver
Capabilities {browserAttachTimeout: 0, browserName: internet explorer, elementScrollBehavior: 0, enableElementCacheCleanup: true, enablePersistentHover: true, ie.browserCommandLineSwitches: , ie.enableFullPageScreenshot: true, ie.ensureCleanSession: false, ie.fileUploadDialogTimeout: 3000, ie.forceCreateProcessApi: false, ie.forceShellWindowsApi: false, ignoreProtectedModeSettings: true, ignoreZoomSetting: false, initialBrowserUrl: http://localhost:1717/, javascriptEnabled: true, nativeEvents: true, pageLoadStrategy: normal, platform: WINDOWS, platformName: WINDOWS, requireWindowFocus: false, unexpectedAlertBehaviour: dismiss, unhandledPromptBehavior: dismiss, version: 11}
Session ID: 4408b247-05e7-4810-8c61-cbdb6a95e2bf
	at org.openqa.selenium.support.ui.WebDriverWait.timeoutException(WebDriverWait.java:82)
	at org.openqa.selenium.support.ui.FluentWait.until(FluentWait.java:231)
	at com.generic.WrapperFunctions.click(WrapperFunctions.java:730)
	at com.pageFactory.CashierManagerTC.TopNavigation_Credit.NavigteToViewDebitCards(TopNavigation_Credit.java:718)
	at com.scripts.noen.CashierAndManagerTC.AddDebitCardManualSameCard.ViewVoidDebitCard(AddDebitCardManualSameCard.java:49)
	at sun.reflect.NativeMethodAccessorImpl.invoke0(Native Method)
	at sun.reflect.NativeMethodAccessorImpl.invoke(NativeMethodAccessorImpl.java:62)
	at sun.reflect.DelegatingMethodAccessorImpl.invoke(DelegatingMethodAccessorImpl.java:43)
	at java.lang.reflect.Method.invoke(Method.java:498)
	at org.testng.internal.MethodInvocationHelper.invokeMethod(MethodInvocationHelper.java:85)
	at org.testng.internal.Invoker.invokeMethod(Invoker.java:639)
	at org.testng.internal.Invoker.invokeTestMethod(Invoker.java:821)
	at org.testng.internal.Invoker.invokeTestMethods(Invoker.java:1131)
	at org.testng.internal.TestMethodWorker.invokeTestMethods(TestMethodWorker.java:124)
	at org.testng.internal.TestMethodWorker.run(TestMethodWorker.java:108)
	at org.testng.TestRunner.privateRun(TestRunner.java:773)
	at org.testng.TestRunner.run(TestRunner.java:623)
	at org.testng.SuiteRunner.runTest(SuiteRunner.java:357)
	at org.testng.SuiteRunner.runSequentially(SuiteRunner.java:352)
	at org.testng.SuiteRunner.privateRun(SuiteRunner.java:310)
	at org.testng.SuiteRunner.run(SuiteRunner.java:259)
	at org.testng.SuiteRunnerWorker.runSuite(SuiteRunnerWorker.java:52)
	at org.testng.SuiteRunnerWorker.run(SuiteRunnerWorker.java:86)
	at org.testng.TestNG.runSuitesSequentially(TestNG.java:1185)
	at org.testng.TestNG.runSuitesLocally(TestNG.java:1110)
	at org.testng.TestNG.run(TestNG.java:1018)
	at org.apache.maven.surefire.testng.TestNGExecutor.run(TestNGExecutor.java:178)
	at org.apache.maven.surefire.testng.TestNGXmlTestSuite.execute(TestNGXmlTestSuite.java:92)
	at org.apache.maven.surefire.testng.TestNGProvider.invoke(TestNGProvider.java:96)
	at sun.reflect.NativeMethodAccessorImpl.invoke0(Native Method)
	at sun.reflect.NativeMethodAccessorImpl.invoke(NativeMethodAccessorImpl.java:62)
	at sun.reflect.DelegatingMethodAccessorImpl.invoke(DelegatingMethodAccessorImpl.java:43)
	at java.lang.reflect.Method.invoke(Method.java:498)
	at org.apache.maven.surefire.util.ReflectionUtils.invokeMethodWithArray2(ReflectionUtils.java:208)
	at org.apache.maven.surefire.booter.ProviderFactory$ProviderProxy.invoke(ProviderFactory.java:158)
	at org.apache.maven.surefire.booter.ProviderFactory.invokeProvider(ProviderFactory.java:86)
	at org.apache.maven.surefire.booter.ForkedBooter.runSuitesInProcess(ForkedBooter.java:153)
	at org.apache.maven.surefire.booter.ForkedBooter.main(ForkedBooter.java:95)
</pre></div></td>
<td>34</td>
<td>com.scripts.noen.CashierAndManagerTC.AddDebitCardManualSameCard@787508ca</td></tr>
<tr>
<td title='com.scripts.noen.CashierAndManagerTC.cheque_addViewVoidClear.chequeAddViewVoid()'><b>chequeAddViewVoid</b><br>Test class: com.scripts.noen.CashierAndManagerTC.cheque_addViewVoidClear<br/>
<a href="#Output-1376999853" onClick='toggleBox("Output-1376999853", this, "Show output", "Hide output");'>Show output</a>

<a href="#Output-1376999853" onClick="toggleAllBoxes();">Show all outputs</a>
<div class='log' id="Output-1376999853">
Step >> Enter username<br/>
Step >> Enter password<br/>
Step >> Click on signBtn<br/>
Step >> Click on top Navigation Credit<br/>
Step >> Click on Cheque Menu<br/>
Step >> Click on Add Cheque <br/>
Step >> Enter Bank Acc Number<br/>
Step >> Click on okButton <br/>
Step >> Select cheque type<br/>
Step >> Enter Transaction code<br/>
Step >> Enter Amount<br/>
Step >> Select clearance type<br/>
Step >> Click on Save<br/>
Step >> Select Page<br/>
</div>
</td>
<td><div><pre>org.openqa.selenium.StaleElementReferenceException: Element is no longer valid (WARNING: The server did not provide any stacktrace information)
Command duration or timeout: 0 milliseconds
For documentation on this error, please visit: http://seleniumhq.org/exceptions/stale_element_reference.html
Build info: version: &apos;3.7.1&apos;, revision: &apos;8a0099a&apos;, time: &apos;2017-11-06T21:01:39.354Z&apos;
System info: host: &apos;DFWQB9R2&apos;, ip: &apos;192.168.156.88&apos;, os.name: &apos;Windows 10&apos;, os.arch: &apos;amd64&apos;, os.version: &apos;10.0&apos;, java.version: &apos;1.8.0_162&apos;
Driver info: org.openqa.selenium.ie.InternetExplorerDriver
Capabilities {browserAttachTimeout: 0, browserName: internet explorer, elementScrollBehavior: 0, enableElementCacheCleanup: true, enablePersistentHover: true, ie.browserCommandLineSwitches: , ie.enableFullPageScreenshot: true, ie.ensureCleanSession: false, ie.fileUploadDialogTimeout: 3000, ie.forceCreateProcessApi: false, ie.forceShellWindowsApi: false, ignoreProtectedModeSettings: true, ignoreZoomSetting: false, initialBrowserUrl: http://localhost:35631/, javascriptEnabled: true, nativeEvents: true, pageLoadStrategy: normal, platform: WINDOWS, platformName: WINDOWS, requireWindowFocus: false, unexpectedAlertBehaviour: dismiss, unhandledPromptBehavior: dismiss, version: 11}
Session ID: 96c13c5e-dff1-4cf9-8fa6-793e11f9e728
	at org.openqa.selenium.remote.ErrorHandler.createThrowable(ErrorHandler.java:214)
	at org.openqa.selenium.remote.ErrorHandler.throwIfResponseFailed(ErrorHandler.java:166)
	at org.openqa.selenium.remote.http.JsonHttpResponseCodec.reconstructValue(JsonHttpResponseCodec.java:40)
	at org.openqa.selenium.remote.http.AbstractHttpResponseCodec.decode(AbstractHttpResponseCodec.java:80)
	at org.openqa.selenium.remote.http.AbstractHttpResponseCodec.decode(AbstractHttpResponseCodec.java:44)
	at org.openqa.selenium.remote.HttpCommandExecutor.execute(HttpCommandExecutor.java:164)
	at org.openqa.selenium.remote.service.DriverCommandExecutor.execute(DriverCommandExecutor.java:83)
	at org.openqa.selenium.remote.RemoteWebDriver.execute(RemoteWebDriver.java:600)
	at org.openqa.selenium.remote.RemoteWebElement.execute(RemoteWebElement.java:279)
	at org.openqa.selenium.remote.RemoteWebElement.sendKeys(RemoteWebElement.java:100)
	at com.generic.WrapperFunctions.pressEnterBtn(WrapperFunctions.java:2179)
	at com.pageFactory.CashierManagerTC.TopNavigation_Credit.clickOkOrYes(TopNavigation_Credit.java:321)
	at com.pageFactory.CashierManagerTC.TopNavigation_Credit.addCheque(TopNavigation_Credit.java:448)
	at com.scripts.noen.CashierAndManagerTC.cheque_addViewVoidClear.chequeAddViewVoid(cheque_addViewVoidClear.java:32)
... Removed 37 stack frames</pre></div><a href='#' onClick='toggleBox("stack-trace1376999853", this, "Click to show all stack frames", "Click to hide stack frames")'>Click to show all stack frames</a>
<div class='stack-trace' id='stack-trace1376999853'><pre>org.openqa.selenium.StaleElementReferenceException: Element is no longer valid (WARNING: The server did not provide any stacktrace information)
Command duration or timeout: 0 milliseconds
For documentation on this error, please visit: http://seleniumhq.org/exceptions/stale_element_reference.html
Build info: version: &apos;3.7.1&apos;, revision: &apos;8a0099a&apos;, time: &apos;2017-11-06T21:01:39.354Z&apos;
System info: host: &apos;DFWQB9R2&apos;, ip: &apos;192.168.156.88&apos;, os.name: &apos;Windows 10&apos;, os.arch: &apos;amd64&apos;, os.version: &apos;10.0&apos;, java.version: &apos;1.8.0_162&apos;
Driver info: org.openqa.selenium.ie.InternetExplorerDriver
Capabilities {browserAttachTimeout: 0, browserName: internet explorer, elementScrollBehavior: 0, enableElementCacheCleanup: true, enablePersistentHover: true, ie.browserCommandLineSwitches: , ie.enableFullPageScreenshot: true, ie.ensureCleanSession: false, ie.fileUploadDialogTimeout: 3000, ie.forceCreateProcessApi: false, ie.forceShellWindowsApi: false, ignoreProtectedModeSettings: true, ignoreZoomSetting: false, initialBrowserUrl: http://localhost:35631/, javascriptEnabled: true, nativeEvents: true, pageLoadStrategy: normal, platform: WINDOWS, platformName: WINDOWS, requireWindowFocus: false, unexpectedAlertBehaviour: dismiss, unhandledPromptBehavior: dismiss, version: 11}
Session ID: 96c13c5e-dff1-4cf9-8fa6-793e11f9e728
	at sun.reflect.NativeConstructorAccessorImpl.newInstance0(Native Method)
	at sun.reflect.NativeConstructorAccessorImpl.newInstance(NativeConstructorAccessorImpl.java:62)
	at sun.reflect.DelegatingConstructorAccessorImpl.newInstance(DelegatingConstructorAccessorImpl.java:45)
	at java.lang.reflect.Constructor.newInstance(Constructor.java:423)
	at org.openqa.selenium.remote.ErrorHandler.createThrowable(ErrorHandler.java:214)
	at org.openqa.selenium.remote.ErrorHandler.throwIfResponseFailed(ErrorHandler.java:166)
	at org.openqa.selenium.remote.http.JsonHttpResponseCodec.reconstructValue(JsonHttpResponseCodec.java:40)
	at org.openqa.selenium.remote.http.AbstractHttpResponseCodec.decode(AbstractHttpResponseCodec.java:80)
	at org.openqa.selenium.remote.http.AbstractHttpResponseCodec.decode(AbstractHttpResponseCodec.java:44)
	at org.openqa.selenium.remote.HttpCommandExecutor.execute(HttpCommandExecutor.java:164)
	at org.openqa.selenium.remote.service.DriverCommandExecutor.execute(DriverCommandExecutor.java:83)
	at org.openqa.selenium.remote.RemoteWebDriver.execute(RemoteWebDriver.java:600)
	at org.openqa.selenium.remote.RemoteWebElement.execute(RemoteWebElement.java:279)
	at org.openqa.selenium.remote.RemoteWebElement.sendKeys(RemoteWebElement.java:100)
	at com.generic.WrapperFunctions.pressEnterBtn(WrapperFunctions.java:2179)
	at com.pageFactory.CashierManagerTC.TopNavigation_Credit.clickOkOrYes(TopNavigation_Credit.java:321)
	at com.pageFactory.CashierManagerTC.TopNavigation_Credit.addCheque(TopNavigation_Credit.java:448)
	at com.scripts.noen.CashierAndManagerTC.cheque_addViewVoidClear.chequeAddViewVoid(cheque_addViewVoidClear.java:32)
	at sun.reflect.NativeMethodAccessorImpl.invoke0(Native Method)
	at sun.reflect.NativeMethodAccessorImpl.invoke(NativeMethodAccessorImpl.java:62)
	at sun.reflect.DelegatingMethodAccessorImpl.invoke(DelegatingMethodAccessorImpl.java:43)
	at java.lang.reflect.Method.invoke(Method.java:498)
	at org.testng.internal.MethodInvocationHelper.invokeMethod(MethodInvocationHelper.java:85)
	at org.testng.internal.Invoker.invokeMethod(Invoker.java:639)
	at org.testng.internal.Invoker.invokeTestMethod(Invoker.java:821)
	at org.testng.internal.Invoker.invokeTestMethods(Invoker.java:1131)
	at org.testng.internal.TestMethodWorker.invokeTestMethods(TestMethodWorker.java:124)
	at org.testng.internal.TestMethodWorker.run(TestMethodWorker.java:108)
	at org.testng.TestRunner.privateRun(TestRunner.java:773)
	at org.testng.TestRunner.run(TestRunner.java:623)
	at org.testng.SuiteRunner.runTest(SuiteRunner.java:357)
	at org.testng.SuiteRunner.runSequentially(SuiteRunner.java:352)
	at org.testng.SuiteRunner.privateRun(SuiteRunner.java:310)
	at org.testng.SuiteRunner.run(SuiteRunner.java:259)
	at org.testng.SuiteRunnerWorker.runSuite(SuiteRunnerWorker.java:52)
	at org.testng.SuiteRunnerWorker.run(SuiteRunnerWorker.java:86)
	at org.testng.TestNG.runSuitesSequentially(TestNG.java:1185)
	at org.testng.TestNG.runSuitesLocally(TestNG.java:1110)
	at org.testng.TestNG.run(TestNG.java:1018)
	at org.apache.maven.surefire.testng.TestNGExecutor.run(TestNGExecutor.java:178)
	at org.apache.maven.surefire.testng.TestNGXmlTestSuite.execute(TestNGXmlTestSuite.java:92)
	at org.apache.maven.surefire.testng.TestNGProvider.invoke(TestNGProvider.java:96)
	at sun.reflect.NativeMethodAccessorImpl.invoke0(Native Method)
	at sun.reflect.NativeMethodAccessorImpl.invoke(NativeMethodAccessorImpl.java:62)
	at sun.reflect.DelegatingMethodAccessorImpl.invoke(DelegatingMethodAccessorImpl.java:43)
	at java.lang.reflect.Method.invoke(Method.java:498)
	at org.apache.maven.surefire.util.ReflectionUtils.invokeMethodWithArray2(ReflectionUtils.java:208)
	at org.apache.maven.surefire.booter.ProviderFactory$ProviderProxy.invoke(ProviderFactory.java:158)
	at org.apache.maven.surefire.booter.ProviderFactory.invokeProvider(ProviderFactory.java:86)
	at org.apache.maven.surefire.booter.ForkedBooter.runSuitesInProcess(ForkedBooter.java:153)
	at org.apache.maven.surefire.booter.ForkedBooter.main(ForkedBooter.java:95)
</pre></div></td>
<td>60</td>
<td>com.scripts.noen.CashierAndManagerTC.cheque_addViewVoidClear@3d24420b</td></tr>
</table><p>
<table width='100%' border='1' class='invocation-passed'>
<tr><td colspan='4' align='center'><b>PASSED TESTS</b></td></tr>
<tr><td><b>Test method</b></td>
<td width="30%"><b>Exception</b></td>
<td width="10%"><b>Time (seconds)</b></td>
<td><b>Instance</b></td>
</tr>
<tr>
<td title='com.scripts.desktopReception.customerProfile_Delete.DeleteCustomerProfile()'><b>DeleteCustomerProfile</b><br>Test class: com.scripts.desktopReception.customerProfile_Delete<br/>
<a href="#Output-202521905" onClick='toggleBox("Output-202521905", this, "Show output", "Hide output");'>Show output</a>

<a href="#Output-202521905" onClick="toggleAllBoxes();">Show all outputs</a>
<div class='log' id="Output-202521905">
Step >> Enter username<br/>
Step >> Enter password<br/>
Step >> Click on signBtn<br/>
Step >> Click on Customers Menu tab<br/>
Step >> Click on Customers tab<br/>
Step >> Enter Customer Number<br/>
Step >> Click on Find button<br/>
Step >> Click on Action Button<br/>
Step >> Click on Delete Tab<br/>
Step >> Click on X <br/>
Step >> Click on X <br/>
Step >> Click on Customers Menu tab<br/>
Step >> Click on Customers tab<br/>
Step >> Enter Customer Number<br/>
Step >> Click on Find button<br/>
Step >> Click on X <br/>
Step >> Click on X <br/>
Step >> Click on username link<br/>
Step >> Click on logout<br/>
</div>
</td>
<td></td>
<td>60</td>
<td>com.scripts.desktopReception.customerProfile_Delete@5d0b0cb9</td></tr>
<tr>
<td title='com.scripts.desktopReception.customer_RegisterAndViewDetails.RegisterAndViewCustomerDetails()'><b>RegisterAndViewCustomerDetails</b><br>Test class: com.scripts.desktopReception.customer_RegisterAndViewDetails<br/>
<a href="#Output-1511025446" onClick='toggleBox("Output-1511025446", this, "Show output", "Hide output");'>Show output</a>

<a href="#Output-1511025446" onClick="toggleAllBoxes();">Show all outputs</a>
<div class='log' id="Output-1511025446">
Step >> Enter username<br/>
Step >> Enter password<br/>
Step >> Click on signBtn<br/>
Step >> Click on customer tab<br/>
Step >> Click on registartion tab<br/>
Step >> Enter username<br/>
Step >> Click on customer tab<br/>
Step >> Click on customer tab<br/>
Step >> Enter forename<br/>
Step >> Enter DateOfBirth<br/>
Step >> select gender<br/>
Step >> Enter Postcode<br/>
Step >> Click on match button<br/>
Step >> Enter cardNumber<br/>
Step >> Enter  occupation<br/>
Step >> Click on Save btn<br/>
Step >>  click on No Match Btn<br/>
Step >>  click on yesBtn<br/>
Step >>  click on yesBtn<br/>
Step >>  click on ok Btn<br/>
Step >> Click on Details Button<br/>
Step >> Click on username link<br/>
Step >> Click on logout<br/>
</div>
</td>
<td></td>
<td>244</td>
<td>com.scripts.desktopReception.customer_RegisterAndViewDetails@4ace284d</td></tr>
<tr>
<td title='com.scripts.noen.CashierAndManagerTC.CreditAccountTestCases.addCreditBankDeatils_CreditAccountTC()'><b>addCreditBankDeatils_CreditAccountTC</b><br>Test class: com.scripts.noen.CashierAndManagerTC.CreditAccountTestCases<br/>
<a href="#Output-515955538" onClick='toggleBox("Output-515955538", this, "Show output", "Hide output");'>Show output</a>

<a href="#Output-515955538" onClick="toggleAllBoxes();">Show all outputs</a>
<div class='log' id="Output-515955538">
Step >> Enter username<br/>
Step >> Enter password<br/>
Step >> Click on signBtn<br/>
Step >> Click on top Navigation Credit<br/>
Step >> Click on Credit Accounts form Credit<br/>
Step >> Click on Create New<br/>
Step >> Enter Acc Number<br/>
Step >> Click on LowerLimit <br/>
Step >> Verify Date of birth display<br/>
Step >> Click on LowerLimit<br/>
Step >> Enter Lower Limit<br/>
Step >> Enter Upper Limit<br/>
Step >> Click on  save<br/>
Step >> Select manager from the list <br/>
Step >> Click on OK<br/>
Step >> Verify successfull message display<br/>
Step >> Click on closeIconTab<br/>
Step >> Click on closeIconTab<br/>
Step >> Click on top Navigation Credit<br/>
Step >> Click on Credit Accounts form Credit<br/>
Step >> Enter Acc Number<br/>
Step >> Click on Find<br/>
Step >> Select Page<br/>
Step >> Check Presence :creditAccount_findAcc_Deatils_Details<br/>
Step >> Check Presence :creditAccount_findAcc_Deatils_Audit<br/>
Step >> Check Presence :creditAccount_findAcc_Deatils_Authorisations<br/>
Step >> Check Presence :creditAccount_findAcc_Deatils_BankAccounts<br/>
Step >> Check Presence :creditAccount_findAcc_Deatils_BankReferences<br/>
Step >> Check Presence :creditAccount_findAcc_Deatils_CasinoReferences<br/>
Step >> Check Presence :creditAccount_findAcc_Deatils_Identification<br/>
Step >> Check Presence :creditAccount_findAcc_Deatils_Messages<br/>
Step >> Check Presence :creditAccount_findAcc_Deatils_Notes<br/>
Step >> Check Presence :creditAccount_findAcc_Deatils_Transactions<br/>
Step >> Check Presence :creditAccount_findAcc_Deatils_Deposits<br/>
Step >> Check Presence :creditAccount_findAcc_Deatils_Summary<br/>
Step >> Click on Bank Account<br/>
Step >> Click on Add Bank Account<br/>
Step >> Enter Acc Number<br/>
Step >> Enter Bank Number<br/>
Step >> CheckBOX check For Debit card<br/>
Step >> click on Last 4 digit textbox<br/>
Step >> Enter cardLastFourDigits<br/>
Step >> Enter expiry month<br/>
Step >> Enter expiry year<br/>
Step >> Click on Commit<br/>
Step >> Click on closeIconTab<br/>
Step >> Click on username link<br/>
Step >> Click on logout<br/>
</div>
</td>
<td></td>
<td>123</td>
<td>com.scripts.noen.CashierAndManagerTC.CreditAccountTestCases@60a7e509</td></tr>
<tr>
<td title='com.scripts.desktopReception.CreditTransactions001.addDebitCardAsElectronic()'><b>addDebitCardAsElectronic</b><br>Test class: com.scripts.desktopReception.CreditTransactions001<br/>
<a href="#Output-1226711664" onClick='toggleBox("Output-1226711664", this, "Show output", "Hide output");'>Show output</a>

<a href="#Output-1226711664" onClick="toggleAllBoxes();">Show all outputs</a>
<div class='log' id="Output-1226711664">
Step >> Enter username<br/>
Step >> Enter password<br/>
Step >> Click on signBtn<br/>
Step >> Click on top Navigation Credit<br/>
Step >> Click on Debit Card Menu <br/>
Step >> Click on Add Debit Card <br/>
Step >> Enter First two letters of Surname and Last 4 digit of Debit card<br/>
Step >> Verify Account NameLabel displayed<br/>
Step >> Verify Account Name Value displayed<br/>
Step >> Verify Account Number Label displayed<br/>
Step >> Verify AccountNumber Value displayed<br/>
Step >> Verify Bank Label displayed<br/>
Step >> Verify Bank Value displayed<br/>
Step >> Verify Customer Name label displayed<br/>
Step >> Verify CustomerName Value displayed<br/>
Step >> Verify Customer Number Label displayed<br/>
Step >> Verify Customer Number Value displayed<br/>
Step >> Verify AmountAvailable Label displayed<br/>
Step >> Verify AmountAvailable Value displayed<br/>
Step >> Enter Amount<br/>
Step >> selemanager <br/>
Step >> Enter Transaction code<br/>
Step >> Click on Save <br/>
Step >> Verify processTransactionMsg displayed<br/>
Step >> Click on Yes button<br/>
Step >> Verify transactionCompletedMsg displayed<br/>
Step >> Click on ok  button<br/>
Step >> Click on closeIconTab<br/>
Step >> Click on username link<br/>
Step >> Click on logout<br/>
</div>
</td>
<td></td>
<td>132</td>
<td>com.scripts.desktopReception.CreditTransactions001@2e13f304</td></tr>
<tr>
<td title='com.scripts.noen.CashierAndManagerTC.GlobalCash_AddViewVoid.globalCashAddViewVoid()'><b>globalCashAddViewVoid</b><br>Test class: com.scripts.noen.CashierAndManagerTC.GlobalCash_AddViewVoid<br/>
<a href="#Output-1242431450" onClick='toggleBox("Output-1242431450", this, "Show output", "Hide output");'>Show output</a>

<a href="#Output-1242431450" onClick="toggleAllBoxes();">Show all outputs</a>
<div class='log' id="Output-1242431450">
Step >> Enter username<br/>
Step >> Enter password<br/>
Step >> Click on signBtn<br/>
Step >> Click on top Navigation Credit<br/>
Step >> Click on Global Cash <br/>
Step >> Click on Add Global Cash <br/>
Step >> Verify Customer Name label displayed<br/>
Step >> Verify AmountAvailable Label displayed<br/>
Step >> Verify Account NameLabel displayed<br/>
Step >> Verify Account Name Value displayed<br/>
Step >> Verify Account Number Label displayed<br/>
Step >> Verify AccountNumber Value displayed<br/>
Step >> Verify Bank Label displayed<br/>
Step >> Verify Bank Value displayed<br/>
Step >> Enter Customer Number<br/>
Step >> Verify Customer Name label displayed<br/>
Step >> Verify CustomerName Value displayed<br/>
Step >> Verify AmountAvailable Label displayed<br/>
Step >> Verify AmountAvailable Value displayed<br/>
Step >> Verify Account NameLabel displayed<br/>
Step >> Verify Account Name Value displayed<br/>
Step >> Verify Account Number Label displayed<br/>
Step >> Verify AccountNumber Value displayed<br/>
Step >> Verify Bank Label displayed<br/>
Step >> Verify Bank Value displayed<br/>
Step >> Enter Amount<br/>
Step >> Enter Transaction code<br/>
Step >> Click on Save <br/>
Step >> Verify processTransactionMsg displayed<br/>
Step >> Click on Yes button<br/>
Step >> Verify transactionCompletedMsg displayed<br/>
Step >> Click on ok  button<br/>
Step >> Click on closeIconTab<br/>
Step >> Click on top Navigation Credit<br/>
Step >> Click on view Global Cash <br/>
Step >> Enter Customer Number<br/>
Step >> Click on Find <br/>
Step >> verify details <br/>
Step >> Select Page<br/>
Step >> Click on Void <br/>
Step >> Verify voidConfirmationMsg displayed<br/>
Step >> Click on yes <br/>
Step >> Verify voidSuccessMsg displayed<br/>
Step >> Click on ok <br/>
Step >> Click on closeIconTab<br/>
Step >> Click on closeIconTab<br/>
Step >> Click on top Navigation Credit<br/>
Step >> Click on view Global Cash <br/>
Step >> Enter Customer Number<br/>
Step >> Click on Find <br/>
Step >> verify details <br/>
Step >> Select Page<br/>
Step >> Click on username link<br/>
Step >> Click on logout<br/>
</div>
</td>
<td></td>
<td>164</td>
<td>com.scripts.noen.CashierAndManagerTC.GlobalCash_AddViewVoid@32d5279</td></tr>
<tr>
<td title='com.scripts.desktopReception.customerProfile_ViewCreditDetail.viewCreditDetails()'><b>viewCreditDetails</b><br>Test class: com.scripts.desktopReception.customerProfile_ViewCreditDetail<br/>
<a href="#Output-1453762180" onClick='toggleBox("Output-1453762180", this, "Show output", "Hide output");'>Show output</a>

<a href="#Output-1453762180" onClick="toggleAllBoxes();">Show all outputs</a>
<div class='log' id="Output-1453762180">
Step >> Enter username<br/>
Step >> Enter password<br/>
Step >> Click on signBtn<br/>
Step >> Click on Customers Menu tab<br/>
Step >> Click on Customers tab<br/>
Step >> Enter Customer Number<br/>
Step >> Click on Find button<br/>
Step >> Click on Action Button<br/>
Step >> Click on CreditDetailsTab<br/>
Step >> Click on X <br/>
Step >> Click on X <br/>
Step >> Click on username link<br/>
Step >> Click on logout<br/>
</div>
</td>
<td></td>
<td>46</td>
<td>com.scripts.desktopReception.customerProfile_ViewCreditDetail@1c067c0d</td></tr>
</table><p>
</body>
</html>