-------------------------------------------------------------------------------
Test set: TestSuite
-------------------------------------------------------------------------------
Tests run: 112, Failures: 0, Errors: 36, Skipped: 38, Time elapsed: 16,327.035 sec <<< FAILURE!
addCreditBankDeatils_CreditAccountTC(com.scripts.noen.CashierAndManagerTC.CreditAccountTestCases)  Time elapsed: 16.247 sec  <<< ERROR!
org.openqa.selenium.WebDriverException: org.apache.http.conn.HttpHostConnectException: Connect to localhost:21009 [localhost/127.0.0.1, localhost/0:0:0:0:0:0:0:1] failed: Connection refused: connect
Build info: version: '3.7.1', revision: '8a0099a', time: '2017-11-06T21:01:39.354Z'
System info: host: 'DFWQB9R2', ip: '192.168.156.88', os.name: 'Windows 10', os.arch: 'amd64', os.version: '10.0', java.version: '1.8.0_162'
Driver info: driver.version: RemoteWebDriver
	at java.net.DualStackPlainSocketImpl.waitForConnect(Native Method)
	at java.net.DualStackPlainSocketImpl.socketConnect(DualStackPlainSocketImpl.java:85)
	at java.net.AbstractPlainSocketImpl.doConnect(AbstractPlainSocketImpl.java:350)
	at java.net.AbstractPlainSocketImpl.connectToAddress(AbstractPlainSocketImpl.java:206)
	at java.net.AbstractPlainSocketImpl.connect(AbstractPlainSocketImpl.java:188)
	at java.net.PlainSocketImpl.connect(PlainSocketImpl.java:172)
	at java.net.SocksSocketImpl.connect(SocksSocketImpl.java:392)
	at java.net.Socket.connect(Socket.java:589)
	at org.apache.http.conn.socket.PlainConnectionSocketFactory.connectSocket(PlainConnectionSocketFactory.java:75)
	at org.apache.http.impl.conn.DefaultHttpClientConnectionOperator.connect(DefaultHttpClientConnectionOperator.java:142)
	at org.apache.http.impl.conn.PoolingHttpClientConnectionManager.connect(PoolingHttpClientConnectionManager.java:359)
	at org.apache.http.impl.execchain.MainClientExec.establishRoute(MainClientExec.java:381)
	at org.apache.http.impl.execchain.MainClientExec.execute(MainClientExec.java:237)
	at org.apache.http.impl.execchain.ProtocolExec.execute(ProtocolExec.java:185)
	at org.apache.http.impl.execchain.RetryExec.execute(RetryExec.java:89)
	at org.apache.http.impl.execchain.RedirectExec.execute(RedirectExec.java:111)
	at org.apache.http.impl.client.InternalHttpClient.doExecute(InternalHttpClient.java:185)
	at org.apache.http.impl.client.CloseableHttpClient.execute(CloseableHttpClient.java:72)
	at org.apache.http.impl.client.CloseableHttpClient.execute(CloseableHttpClient.java:56)
	at org.openqa.selenium.remote.internal.ApacheHttpClient.fallBackExecute(ApacheHttpClient.java:138)
	at org.openqa.selenium.remote.internal.ApacheHttpClient.execute(ApacheHttpClient.java:86)
	at org.openqa.selenium.remote.HttpCommandExecutor.execute(HttpCommandExecutor.java:161)
	at org.openqa.selenium.remote.service.DriverCommandExecutor.execute(DriverCommandExecutor.java:83)
	at org.openqa.selenium.remote.RemoteWebDriver.execute(RemoteWebDriver.java:600)
	at org.openqa.selenium.remote.RemoteWebDriver.findElements(RemoteWebDriver.java:397)
	at org.openqa.selenium.remote.RemoteWebDriver.findElementsByXPath(RemoteWebDriver.java:476)
	at org.openqa.selenium.By$ByXPath.findElements(By.java:356)
	at org.openqa.selenium.remote.RemoteWebDriver.findElements(RemoteWebDriver.java:358)
	at org.openqa.selenium.support.ui.ExpectedConditions.findElement(ExpectedConditions.java:881)
	at org.openqa.selenium.support.ui.ExpectedConditions.access$000(ExpectedConditions.java:43)
	at org.openqa.selenium.support.ui.ExpectedConditions$7.apply(ExpectedConditions.java:205)
	at org.openqa.selenium.support.ui.ExpectedConditions$7.apply(ExpectedConditions.java:201)
	at org.openqa.selenium.support.ui.FluentWait.until(FluentWait.java:208)
	at com.generic.WrapperFunctions.click(WrapperFunctions.java:730)
	at com.pageFactory.desktopReception.login_PF.login(login_PF.java:51)
	at com.scripts.noen.CashierAndManagerTC.CreditAccountTestCases.addCreditBankDeatils_CreditAccountTC(CreditAccountTestCases.java:36)

ViewVoidDebitCard(com.scripts.noen.CashierAndManagerTC.AddDebitCardManualSameCard)  Time elapsed: 34.175 sec  <<< ERROR!
org.openqa.selenium.TimeoutException: Expected condition failed: waiting for visibility of element located by By.cssSelector: a#DebitCards_ViewDebitCard_Menu (tried for 30 second(s) with 500 MILLISECONDS interval)
Build info: version: '3.7.1', revision: '8a0099a', time: '2017-11-06T21:01:39.354Z'
System info: host: 'DFWQB9R2', ip: '192.168.156.88', os.name: 'Windows 10', os.arch: 'amd64', os.version: '10.0', java.version: '1.8.0_162'
Driver info: org.openqa.selenium.ie.InternetExplorerDriver
Capabilities {browserAttachTimeout: 0, browserName: internet explorer, elementScrollBehavior: 0, enableElementCacheCleanup: true, enablePersistentHover: true, ie.browserCommandLineSwitches: , ie.enableFullPageScreenshot: true, ie.ensureCleanSession: false, ie.fileUploadDialogTimeout: 3000, ie.forceCreateProcessApi: false, ie.forceShellWindowsApi: false, ignoreProtectedModeSettings: true, ignoreZoomSetting: false, initialBrowserUrl: http://localhost:34169/, javascriptEnabled: true, nativeEvents: true, pageLoadStrategy: normal, platform: WINDOWS, platformName: WINDOWS, requireWindowFocus: false, unexpectedAlertBehaviour: dismiss, unhandledPromptBehavior: dismiss, version: 11}
Session ID: 5aa1fba0-2638-4f43-a23b-78c9a7bfea72
	at org.openqa.selenium.support.ui.WebDriverWait.timeoutException(WebDriverWait.java:82)
	at org.openqa.selenium.support.ui.FluentWait.until(FluentWait.java:231)
	at com.generic.WrapperFunctions.click(WrapperFunctions.java:730)
	at com.pageFactory.CashierManagerTC.TopNavigation_Credit.NavigteToViewDebitCards(TopNavigation_Credit.java:783)
	at com.scripts.noen.CashierAndManagerTC.AddDebitCardManualSameCard.ViewVoidDebitCard(AddDebitCardManualSameCard.java:48)

chequeAddViewVoid(com.scripts.noen.CashierAndManagerTC.cheque_addViewVoidClear)  Time elapsed: 121.382 sec  <<< ERROR!
java.lang.AssertionError: expected [true] but found [false]
	at org.testng.Assert.fail(Assert.java:94)
	at org.testng.Assert.failNotEquals(Assert.java:496)
	at org.testng.Assert.assertTrue(Assert.java:42)
	at org.testng.Assert.assertTrue(Assert.java:52)
	at com.generic.Utilities.addAssertTakeScreenShot(Utilities.java:383)
	at com.generic.Utilities.logReporter(Utilities.java:307)
	at com.pageFactory.desktopReception.login_PF.login(login_PF.java:49)
	at com.scripts.noen.CashierAndManagerTC.cheque_addViewVoidClear.chequeAddViewVoid(cheque_addViewVoidClear.java:28)

verifyDepositOff(com.scripts.desktopReception.depositOnOff)  Time elapsed: 34.62 sec  <<< ERROR!
org.openqa.selenium.TimeoutException: Expected condition failed: waiting for visibility of element located by By.xpath: //li[@id='Cashdesk_Deposits_Menu']//a[contains(.,'Deposits')] (tried for 30 second(s) with 500 MILLISECONDS interval)
Build info: version: '3.7.1', revision: '8a0099a', time: '2017-11-06T21:01:39.354Z'
System info: host: 'DFWQB9R2', ip: '192.168.156.88', os.name: 'Windows 10', os.arch: 'amd64', os.version: '10.0', java.version: '1.8.0_162'
Driver info: org.openqa.selenium.ie.InternetExplorerDriver
Capabilities {browserAttachTimeout: 0, browserName: internet explorer, elementScrollBehavior: 0, enableElementCacheCleanup: true, enablePersistentHover: true, ie.browserCommandLineSwitches: , ie.enableFullPageScreenshot: true, ie.ensureCleanSession: false, ie.fileUploadDialogTimeout: 3000, ie.forceCreateProcessApi: false, ie.forceShellWindowsApi: false, ignoreProtectedModeSettings: true, ignoreZoomSetting: false, initialBrowserUrl: http://localhost:38219/, javascriptEnabled: true, nativeEvents: true, pageLoadStrategy: normal, platform: WINDOWS, platformName: WINDOWS, requireWindowFocus: false, unexpectedAlertBehaviour: dismiss, unhandledPromptBehavior: dismiss, version: 11}
Session ID: f2f23c1a-467d-4930-859e-633a42508d2b
	at org.openqa.selenium.support.ui.WebDriverWait.timeoutException(WebDriverWait.java:82)
	at org.openqa.selenium.support.ui.FluentWait.until(FluentWait.java:231)
	at com.generic.WrapperFunctions.click(WrapperFunctions.java:730)
	at com.pageFactory.desktopReception.DepositOnOff_PF.clickOnDeposits(DepositOnOff_PF.java:50)
	at com.pageFactory.desktopReception.DepositOnOff_PF.depositOff(DepositOnOff_PF.java:163)
	at com.scripts.desktopReception.depositOnOff.verifyDepositOff(depositOnOff.java:36)

VerifyReception_Entry(com.scripts.desktopReception.Reception_Entry)  Time elapsed: 32.742 sec  <<< ERROR!
org.openqa.selenium.WebDriverException: org.apache.http.conn.HttpHostConnectException: Connect to localhost:8204 [localhost/127.0.0.1, localhost/0:0:0:0:0:0:0:1] failed: Connection refused: connect
Build info: version: '3.7.1', revision: '8a0099a', time: '2017-11-06T21:01:39.354Z'
System info: host: 'DFWQB9R2', ip: '192.168.156.88', os.name: 'Windows 10', os.arch: 'amd64', os.version: '10.0', java.version: '1.8.0_162'
Driver info: driver.version: RemoteWebDriver
	at java.net.DualStackPlainSocketImpl.waitForConnect(Native Method)
	at java.net.DualStackPlainSocketImpl.socketConnect(DualStackPlainSocketImpl.java:85)
	at java.net.AbstractPlainSocketImpl.doConnect(AbstractPlainSocketImpl.java:350)
	at java.net.AbstractPlainSocketImpl.connectToAddress(AbstractPlainSocketImpl.java:206)
	at java.net.AbstractPlainSocketImpl.connect(AbstractPlainSocketImpl.java:188)
	at java.net.PlainSocketImpl.connect(PlainSocketImpl.java:172)
	at java.net.SocksSocketImpl.connect(SocksSocketImpl.java:392)
	at java.net.Socket.connect(Socket.java:589)
	at org.apache.http.conn.socket.PlainConnectionSocketFactory.connectSocket(PlainConnectionSocketFactory.java:75)
	at org.apache.http.impl.conn.DefaultHttpClientConnectionOperator.connect(DefaultHttpClientConnectionOperator.java:142)
	at org.apache.http.impl.conn.PoolingHttpClientConnectionManager.connect(PoolingHttpClientConnectionManager.java:359)
	at org.apache.http.impl.execchain.MainClientExec.establishRoute(MainClientExec.java:381)
	at org.apache.http.impl.execchain.MainClientExec.execute(MainClientExec.java:237)
	at org.apache.http.impl.execchain.ProtocolExec.execute(ProtocolExec.java:185)
	at org.apache.http.impl.execchain.RetryExec.execute(RetryExec.java:89)
	at org.apache.http.impl.execchain.RedirectExec.execute(RedirectExec.java:111)
	at org.apache.http.impl.client.InternalHttpClient.doExecute(InternalHttpClient.java:185)
	at org.apache.http.impl.client.CloseableHttpClient.execute(CloseableHttpClient.java:72)
	at org.apache.http.impl.client.CloseableHttpClient.execute(CloseableHttpClient.java:56)
	at org.openqa.selenium.remote.internal.ApacheHttpClient.fallBackExecute(ApacheHttpClient.java:138)
	at org.openqa.selenium.remote.internal.ApacheHttpClient.execute(ApacheHttpClient.java:86)
	at org.openqa.selenium.remote.HttpCommandExecutor.execute(HttpCommandExecutor.java:161)
	at org.openqa.selenium.remote.service.DriverCommandExecutor.execute(DriverCommandExecutor.java:83)
	at org.openqa.selenium.remote.RemoteWebDriver.execute(RemoteWebDriver.java:600)
	at org.openqa.selenium.remote.RemoteWebDriver.findElements(RemoteWebDriver.java:397)
	at org.openqa.selenium.remote.RemoteWebDriver.findElementsByXPath(RemoteWebDriver.java:476)
	at org.openqa.selenium.By$ByXPath.findElements(By.java:356)
	at org.openqa.selenium.remote.RemoteWebDriver.findElements(RemoteWebDriver.java:358)
	at org.openqa.selenium.support.ui.ExpectedConditions.findElement(ExpectedConditions.java:881)
	at org.openqa.selenium.support.ui.ExpectedConditions.access$000(ExpectedConditions.java:43)
	at org.openqa.selenium.support.ui.ExpectedConditions$7.apply(ExpectedConditions.java:205)
	at org.openqa.selenium.support.ui.ExpectedConditions$7.apply(ExpectedConditions.java:201)
	at org.openqa.selenium.support.ui.FluentWait.until(FluentWait.java:208)
	at com.generic.WrapperFunctions.click(WrapperFunctions.java:730)
	at com.pageFactory.desktopReception.Reception_Entry_PF.navigateToReceptionTab(Reception_Entry_PF.java:64)
	at com.scripts.desktopReception.Reception_Entry.VerifyReception_Entry(Reception_Entry.java:24)

checkCustomerEntryUsingNameDOB(com.scripts.desktopReception.CustomerEntry_UsingDOBName)  Time elapsed: 139.884 sec  <<< ERROR!
java.lang.AssertionError: expected [true] but found [false]
	at org.testng.Assert.fail(Assert.java:94)
	at org.testng.Assert.failNotEquals(Assert.java:496)
	at org.testng.Assert.assertTrue(Assert.java:42)
	at org.testng.Assert.assertTrue(Assert.java:52)
	at com.generic.Utilities.addAssertTakeScreenShot(Utilities.java:383)
	at com.generic.Utilities.logReporter(Utilities.java:307)
	at com.pageFactory.desktopReception.login_PF.login(login_PF.java:49)
	at com.scripts.desktopReception.CustomerEntry_UsingDOBName.checkCustomerEntryUsingNameDOB(CustomerEntry_UsingDOBName.java:21)

checkcustomerHistoricalAndEstimatedVisitEntry(com.scripts.desktopReception.customerHistoricalAndEstimatedVisitEntry)  Time elapsed: 138.897 sec  <<< ERROR!
java.lang.AssertionError: expected [true] but found [false]
	at org.testng.Assert.fail(Assert.java:94)
	at org.testng.Assert.failNotEquals(Assert.java:496)
	at org.testng.Assert.assertTrue(Assert.java:42)
	at org.testng.Assert.assertTrue(Assert.java:52)
	at com.generic.Utilities.addAssertTakeScreenShot(Utilities.java:383)
	at com.generic.Utilities.logReporter(Utilities.java:307)
	at com.pageFactory.desktopReception.login_PF.login(login_PF.java:49)
	at com.scripts.desktopReception.customerHistoricalAndEstimatedVisitEntry.checkcustomerHistoricalAndEstimatedVisitEntry(customerHistoricalAndEstimatedVisitEntry.java:21)

viewCustomerCasino(com.scripts.desktopReception.viewCustomerCasino)  Time elapsed: 139.383 sec  <<< ERROR!
java.lang.AssertionError: expected [true] but found [false]
	at org.testng.Assert.fail(Assert.java:94)
	at org.testng.Assert.failNotEquals(Assert.java:496)
	at org.testng.Assert.assertTrue(Assert.java:42)
	at org.testng.Assert.assertTrue(Assert.java:52)
	at com.generic.Utilities.addAssertTakeScreenShot(Utilities.java:383)
	at com.generic.Utilities.logReporter(Utilities.java:307)
	at com.pageFactory.desktopReception.login_PF.login(login_PF.java:49)
	at com.scripts.desktopReception.viewCustomerCasino.viewCustomerCasino(viewCustomerCasino.java:24)

verifyBadBeatJackpotBC(com.scripts.desktopReception.accountTransction)  Time elapsed: 140.362 sec  <<< ERROR!
java.lang.AssertionError: expected [true] but found [false]
	at org.testng.Assert.fail(Assert.java:94)
	at org.testng.Assert.failNotEquals(Assert.java:496)
	at org.testng.Assert.assertTrue(Assert.java:42)
	at org.testng.Assert.assertTrue(Assert.java:52)
	at com.generic.Utilities.addAssertTakeScreenShot(Utilities.java:383)
	at com.generic.Utilities.logReporter(Utilities.java:307)
	at com.pageFactory.desktopReception.login_PF.login(login_PF.java:49)
	at com.scripts.desktopReception.accountTransction.verifyBadBeatJackpotBC(accountTransction.java:29)

verifyBadBeatJackpotCAndReversalTab(com.scripts.desktopReception.TC6327_28_BadBeatJackpotCAndReversal)  Time elapsed: 139.967 sec  <<< ERROR!
java.lang.AssertionError: expected [true] but found [false]
	at org.testng.Assert.fail(Assert.java:94)
	at org.testng.Assert.failNotEquals(Assert.java:496)
	at org.testng.Assert.assertTrue(Assert.java:42)
	at org.testng.Assert.assertTrue(Assert.java:52)
	at com.generic.Utilities.addAssertTakeScreenShot(Utilities.java:383)
	at com.generic.Utilities.logReporter(Utilities.java:307)
	at com.pageFactory.desktopReception.login_PF.login(login_PF.java:49)
	at com.scripts.desktopReception.TC6327_28_BadBeatJackpotCAndReversal.verifyBadBeatJackpotCAndReversalTab(TC6327_28_BadBeatJackpotCAndReversal.java:29)

VerifyballyTickets(com.scripts.desktopReception.ballyTicketsCounted)  Time elapsed: 140.891 sec  <<< ERROR!
java.lang.AssertionError: expected [true] but found [false]
	at org.testng.Assert.fail(Assert.java:94)
	at org.testng.Assert.failNotEquals(Assert.java:496)
	at org.testng.Assert.assertTrue(Assert.java:42)
	at org.testng.Assert.assertTrue(Assert.java:52)
	at com.generic.Utilities.addAssertTakeScreenShot(Utilities.java:383)
	at com.generic.Utilities.logReporter(Utilities.java:307)
	at com.pageFactory.desktopReception.login_PF.login(login_PF.java:49)
	at com.scripts.desktopReception.ballyTicketsCounted.VerifyballyTickets(ballyTicketsCounted.java:26)

VerifyBankingTab(com.scripts.desktopReception.bank)  Time elapsed: 140.71 sec  <<< ERROR!
java.lang.AssertionError: expected [true] but found [false]
	at org.testng.Assert.fail(Assert.java:94)
	at org.testng.Assert.failNotEquals(Assert.java:496)
	at org.testng.Assert.assertTrue(Assert.java:42)
	at org.testng.Assert.assertTrue(Assert.java:52)
	at com.generic.Utilities.addAssertTakeScreenShot(Utilities.java:383)
	at com.generic.Utilities.logReporter(Utilities.java:307)
	at com.pageFactory.desktopReception.login_PF.login(login_PF.java:49)
	at com.scripts.desktopReception.bank.VerifyBankingTab(bank.java:32)

VerifyCashFromBankTab(com.scripts.desktopReception.Test6342_CashFromBank)  Time elapsed: 141.379 sec  <<< ERROR!
java.lang.AssertionError: expected [true] but found [false]
	at org.testng.Assert.fail(Assert.java:94)
	at org.testng.Assert.failNotEquals(Assert.java:496)
	at org.testng.Assert.assertTrue(Assert.java:42)
	at org.testng.Assert.assertTrue(Assert.java:52)
	at com.generic.Utilities.addAssertTakeScreenShot(Utilities.java:383)
	at com.generic.Utilities.logReporter(Utilities.java:307)
	at com.pageFactory.desktopReception.login_PF.login(login_PF.java:49)
	at com.scripts.desktopReception.Test6342_CashFromBank.VerifyCashFromBankTab(Test6342_CashFromBank.java:31)

VerifyCentralCharityDonationsReversalTab(com.scripts.desktopReception.CentralCharityDonationsReversal)  Time elapsed: 140.231 sec  <<< ERROR!
java.lang.AssertionError: expected [true] but found [false]
	at org.testng.Assert.fail(Assert.java:94)
	at org.testng.Assert.failNotEquals(Assert.java:496)
	at org.testng.Assert.assertTrue(Assert.java:42)
	at org.testng.Assert.assertTrue(Assert.java:52)
	at com.generic.Utilities.addAssertTakeScreenShot(Utilities.java:383)
	at com.generic.Utilities.logReporter(Utilities.java:307)
	at com.pageFactory.desktopReception.login_PF.login(login_PF.java:49)
	at com.scripts.desktopReception.CentralCharityDonationsReversal.VerifyCentralCharityDonationsReversalTab(CentralCharityDonationsReversal.java:32)

VerifycashFloatIssuedReturnedTab(com.scripts.desktopReception.cashFloatIssuedReturnedTab)  Time elapsed: 139.845 sec  <<< ERROR!
java.lang.AssertionError: expected [true] but found [false]
	at org.testng.Assert.fail(Assert.java:94)
	at org.testng.Assert.failNotEquals(Assert.java:496)
	at org.testng.Assert.assertTrue(Assert.java:42)
	at org.testng.Assert.assertTrue(Assert.java:52)
	at com.generic.Utilities.addAssertTakeScreenShot(Utilities.java:383)
	at com.generic.Utilities.logReporter(Utilities.java:307)
	at com.pageFactory.desktopReception.login_PF.login(login_PF.java:49)
	at com.scripts.desktopReception.cashFloatIssuedReturnedTab.VerifycashFloatIssuedReturnedTab(cashFloatIssuedReturnedTab.java:29)

AddRemovechips(com.scripts.desktopReception.chipsAddRemove)  Time elapsed: 139.871 sec  <<< ERROR!
java.lang.AssertionError: expected [true] but found [false]
	at org.testng.Assert.fail(Assert.java:94)
	at org.testng.Assert.failNotEquals(Assert.java:496)
	at org.testng.Assert.assertTrue(Assert.java:42)
	at org.testng.Assert.assertTrue(Assert.java:52)
	at com.generic.Utilities.addAssertTakeScreenShot(Utilities.java:383)
	at com.generic.Utilities.logReporter(Utilities.java:307)
	at com.pageFactory.desktopReception.login_PF.login(login_PF.java:49)
	at com.scripts.desktopReception.chipsAddRemove.AddRemovechips(chipsAddRemove.java:22)

verifyDirectCrediToAccountTab(com.scripts.desktopReception.directCrediToAccount)  Time elapsed: 140.295 sec  <<< ERROR!
java.lang.AssertionError: expected [true] but found [false]
	at org.testng.Assert.fail(Assert.java:94)
	at org.testng.Assert.failNotEquals(Assert.java:496)
	at org.testng.Assert.assertTrue(Assert.java:42)
	at org.testng.Assert.assertTrue(Assert.java:52)
	at com.generic.Utilities.addAssertTakeScreenShot(Utilities.java:383)
	at com.generic.Utilities.logReporter(Utilities.java:307)
	at com.pageFactory.desktopReception.login_PF.login(login_PF.java:49)
	at com.scripts.desktopReception.directCrediToAccount.verifyDirectCrediToAccountTab(directCrediToAccount.java:32)

addAmount_ErrorOverAndUnderAccount(com.scripts.desktopReception.errorOverUnderAccountTranscation)  Time elapsed: 140.18 sec  <<< ERROR!
java.lang.AssertionError: expected [true] but found [false]
	at org.testng.Assert.fail(Assert.java:94)
	at org.testng.Assert.failNotEquals(Assert.java:496)
	at org.testng.Assert.assertTrue(Assert.java:42)
	at org.testng.Assert.assertTrue(Assert.java:52)
	at com.generic.Utilities.addAssertTakeScreenShot(Utilities.java:383)
	at com.generic.Utilities.logReporter(Utilities.java:307)
	at com.pageFactory.desktopReception.login_PF.login(login_PF.java:49)
	at com.scripts.desktopReception.errorOverUnderAccountTranscation.addAmount_ErrorOverAndUnderAccount(errorOverUnderAccountTranscation.java:33)

verifyfoodAndBeverageIncomeAccount(com.scripts.desktopReception.foodAndBeverageIncome_Tranasction)  Time elapsed: 140.032 sec  <<< ERROR!
java.lang.AssertionError: expected [true] but found [false]
	at org.testng.Assert.fail(Assert.java:94)
	at org.testng.Assert.failNotEquals(Assert.java:496)
	at org.testng.Assert.assertTrue(Assert.java:42)
	at org.testng.Assert.assertTrue(Assert.java:52)
	at com.generic.Utilities.addAssertTakeScreenShot(Utilities.java:383)
	at com.generic.Utilities.logReporter(Utilities.java:307)
	at com.pageFactory.desktopReception.login_PF.login(login_PF.java:49)
	at com.scripts.desktopReception.foodAndBeverageIncome_Tranasction.verifyfoodAndBeverageIncomeAccount(foodAndBeverageIncome_Tranasction.java:30)

verifygratuitiesIncomeAccoun(com.scripts.desktopReception.gratuitiesIncomeAccountTranscation)  Time elapsed: 132.249 sec  <<< ERROR!
java.lang.AssertionError: expected [true] but found [false]
	at org.testng.Assert.fail(Assert.java:94)
	at org.testng.Assert.failNotEquals(Assert.java:496)
	at org.testng.Assert.assertTrue(Assert.java:42)
	at org.testng.Assert.assertTrue(Assert.java:52)
	at com.generic.Utilities.addAssertTakeScreenShot(Utilities.java:383)
	at com.generic.Utilities.logReporter(Utilities.java:307)
	at com.pageFactory.desktopReception.login_PF.login(login_PF.java:49)
	at com.scripts.desktopReception.gratuitiesIncomeAccountTranscation.verifygratuitiesIncomeAccoun(gratuitiesIncomeAccountTranscation.java:33)

VerifyMajorIncentivesRedeemedAndIssued(com.scripts.desktopReception.incentivesRedeemedAndIssued)  Time elapsed: 139.14 sec  <<< ERROR!
java.lang.AssertionError: expected [true] but found [false]
	at org.testng.Assert.fail(Assert.java:94)
	at org.testng.Assert.failNotEquals(Assert.java:496)
	at org.testng.Assert.assertTrue(Assert.java:42)
	at org.testng.Assert.assertTrue(Assert.java:52)
	at com.generic.Utilities.addAssertTakeScreenShot(Utilities.java:383)
	at com.generic.Utilities.logReporter(Utilities.java:307)
	at com.pageFactory.desktopReception.login_PF.login(login_PF.java:49)
	at com.scripts.desktopReception.incentivesRedeemedAndIssued.VerifyMajorIncentivesRedeemedAndIssued(incentivesRedeemedAndIssued.java:31)

verifyPettyCashIssuedRepaid(com.scripts.desktopReception.pettyCashIssuedRepaid_Transcation)  Time elapsed: 138.71 sec  <<< ERROR!
java.lang.AssertionError: expected [true] but found [false]
	at org.testng.Assert.fail(Assert.java:94)
	at org.testng.Assert.failNotEquals(Assert.java:496)
	at org.testng.Assert.assertTrue(Assert.java:42)
	at org.testng.Assert.assertTrue(Assert.java:52)
	at com.generic.Utilities.addAssertTakeScreenShot(Utilities.java:383)
	at com.generic.Utilities.logReporter(Utilities.java:307)
	at com.pageFactory.desktopReception.login_PF.login(login_PF.java:49)
	at com.scripts.desktopReception.pettyCashIssuedRepaid_Transcation.verifyPettyCashIssuedRepaid(pettyCashIssuedRepaid_Transcation.java:32)

verifySetupCreaditDebit(com.scripts.desktopReception.setupCreditDebit_Transcation)  Time elapsed: 139.947 sec  <<< ERROR!
java.lang.AssertionError: expected [true] but found [false]
	at org.testng.Assert.fail(Assert.java:94)
	at org.testng.Assert.failNotEquals(Assert.java:496)
	at org.testng.Assert.assertTrue(Assert.java:42)
	at org.testng.Assert.assertTrue(Assert.java:52)
	at com.generic.Utilities.addAssertTakeScreenShot(Utilities.java:383)
	at com.generic.Utilities.logReporter(Utilities.java:307)
	at com.pageFactory.desktopReception.login_PF.login(login_PF.java:49)
	at com.scripts.desktopReception.setupCreditDebit_Transcation.setEnviormentVariables(setupCreditDebit_Transcation.java:25)
	at com.scripts.desktopReception.setupCreditDebit_Transcation.verifySetupCreaditDebit(setupCreditDebit_Transcation.java:30)

verifystaffSocialFundOnOffTranscation(com.scripts.desktopReception.staffSocialFundOnOff_Transcation)  Time elapsed: 106.002 sec  <<< ERROR!
org.openqa.selenium.ElementNotVisibleException: Cannot click on element (WARNING: The server did not provide any stacktrace information)
Command duration or timeout: 0 milliseconds
Build info: version: '3.7.1', revision: '8a0099a', time: '2017-11-06T21:01:39.354Z'
System info: host: 'DFWQB9R2', ip: '192.168.156.88', os.name: 'Windows 10', os.arch: 'amd64', os.version: '10.0', java.version: '1.8.0_162'
Driver info: org.openqa.selenium.ie.InternetExplorerDriver
Capabilities {browserAttachTimeout: 0, browserName: internet explorer, elementScrollBehavior: 0, enableElementCacheCleanup: true, enablePersistentHover: true, ie.browserCommandLineSwitches: , ie.enableFullPageScreenshot: true, ie.ensureCleanSession: false, ie.fileUploadDialogTimeout: 3000, ie.forceCreateProcessApi: false, ie.forceShellWindowsApi: false, ignoreProtectedModeSettings: true, ignoreZoomSetting: false, initialBrowserUrl: http://localhost:49088/, javascriptEnabled: true, nativeEvents: true, pageLoadStrategy: normal, platform: WINDOWS, platformName: WINDOWS, requireWindowFocus: false, unexpectedAlertBehaviour: dismiss, unhandledPromptBehavior: dismiss, version: 11}
Session ID: 3c32eaf7-f3ab-40ef-993d-1832e5de2d7b
	at sun.reflect.NativeConstructorAccessorImpl.newInstance0(Native Method)
	at sun.reflect.NativeConstructorAccessorImpl.newInstance(NativeConstructorAccessorImpl.java:62)
	at sun.reflect.DelegatingConstructorAccessorImpl.newInstance(DelegatingConstructorAccessorImpl.java:45)
	at java.lang.reflect.Constructor.newInstance(Constructor.java:423)
	at org.openqa.selenium.remote.ErrorHandler.createThrowable(ErrorHandler.java:214)
	at org.openqa.selenium.remote.ErrorHandler.throwIfResponseFailed(ErrorHandler.java:166)
	at org.openqa.selenium.remote.http.JsonHttpResponseCodec.reconstructValue(JsonHttpResponseCodec.java:40)
	at org.openqa.selenium.remote.http.AbstractHttpResponseCodec.decode(AbstractHttpResponseCodec.java:80)
	at org.openqa.selenium.remote.http.AbstractHttpResponseCodec.decode(AbstractHttpResponseCodec.java:44)
	at org.openqa.selenium.remote.HttpCommandExecutor.execute(HttpCommandExecutor.java:164)
	at org.openqa.selenium.remote.service.DriverCommandExecutor.execute(DriverCommandExecutor.java:83)
	at org.openqa.selenium.remote.RemoteWebDriver.execute(RemoteWebDriver.java:600)
	at org.openqa.selenium.remote.RemoteWebElement.execute(RemoteWebElement.java:279)
	at org.openqa.selenium.remote.RemoteWebElement.click(RemoteWebElement.java:83)
	at com.generic.WrapperFunctions.scrollTab(WrapperFunctions.java:2464)
	at com.pageFactory.desktopReception.staffSocialFundOnOff_Transcation_PF.navigateTostaffSocialFundOnTab(staffSocialFundOnOff_Transcation_PF.java:54)
	at com.scripts.desktopReception.staffSocialFundOnOff_Transcation.verifystaffSocialFundOnOffTranscation(staffSocialFundOnOff_Transcation.java:33)

VerifyWinnersBankTransferTranscation(com.scripts.desktopReception.winnersBankTransferReversal_Transcation)  Time elapsed: 31.611 sec  <<< ERROR!
org.openqa.selenium.WebDriverException: org.apache.http.conn.HttpHostConnectException: Connect to localhost:42019 [localhost/127.0.0.1, localhost/0:0:0:0:0:0:0:1] failed: Connection refused: connect
Build info: version: '3.7.1', revision: '8a0099a', time: '2017-11-06T21:01:39.354Z'
System info: host: 'DFWQB9R2', ip: '192.168.156.88', os.name: 'Windows 10', os.arch: 'amd64', os.version: '10.0', java.version: '1.8.0_162'
Driver info: driver.version: RemoteWebDriver
	at java.net.DualStackPlainSocketImpl.waitForConnect(Native Method)
	at java.net.DualStackPlainSocketImpl.socketConnect(DualStackPlainSocketImpl.java:85)
	at java.net.AbstractPlainSocketImpl.doConnect(AbstractPlainSocketImpl.java:350)
	at java.net.AbstractPlainSocketImpl.connectToAddress(AbstractPlainSocketImpl.java:206)
	at java.net.AbstractPlainSocketImpl.connect(AbstractPlainSocketImpl.java:188)
	at java.net.PlainSocketImpl.connect(PlainSocketImpl.java:172)
	at java.net.SocksSocketImpl.connect(SocksSocketImpl.java:392)
	at java.net.Socket.connect(Socket.java:589)
	at org.apache.http.conn.socket.PlainConnectionSocketFactory.connectSocket(PlainConnectionSocketFactory.java:75)
	at org.apache.http.impl.conn.DefaultHttpClientConnectionOperator.connect(DefaultHttpClientConnectionOperator.java:142)
	at org.apache.http.impl.conn.PoolingHttpClientConnectionManager.connect(PoolingHttpClientConnectionManager.java:359)
	at org.apache.http.impl.execchain.MainClientExec.establishRoute(MainClientExec.java:381)
	at org.apache.http.impl.execchain.MainClientExec.execute(MainClientExec.java:237)
	at org.apache.http.impl.execchain.ProtocolExec.execute(ProtocolExec.java:185)
	at org.apache.http.impl.execchain.RetryExec.execute(RetryExec.java:89)
	at org.apache.http.impl.execchain.RedirectExec.execute(RedirectExec.java:111)
	at org.apache.http.impl.client.InternalHttpClient.doExecute(InternalHttpClient.java:185)
	at org.apache.http.impl.client.CloseableHttpClient.execute(CloseableHttpClient.java:72)
	at org.apache.http.impl.client.CloseableHttpClient.execute(CloseableHttpClient.java:56)
	at org.openqa.selenium.remote.internal.ApacheHttpClient.fallBackExecute(ApacheHttpClient.java:138)
	at org.openqa.selenium.remote.internal.ApacheHttpClient.execute(ApacheHttpClient.java:86)
	at org.openqa.selenium.remote.HttpCommandExecutor.execute(HttpCommandExecutor.java:161)
	at org.openqa.selenium.remote.service.DriverCommandExecutor.execute(DriverCommandExecutor.java:83)
	at org.openqa.selenium.remote.RemoteWebDriver.execute(RemoteWebDriver.java:600)
	at org.openqa.selenium.remote.RemoteWebDriver.findElements(RemoteWebDriver.java:397)
	at org.openqa.selenium.remote.RemoteWebDriver.findElementsByXPath(RemoteWebDriver.java:476)
	at org.openqa.selenium.By$ByXPath.findElements(By.java:356)
	at org.openqa.selenium.remote.RemoteWebDriver.findElements(RemoteWebDriver.java:358)
	at org.openqa.selenium.support.ui.ExpectedConditions.findElement(ExpectedConditions.java:881)
	at org.openqa.selenium.support.ui.ExpectedConditions.access$000(ExpectedConditions.java:43)
	at org.openqa.selenium.support.ui.ExpectedConditions$7.apply(ExpectedConditions.java:205)
	at org.openqa.selenium.support.ui.ExpectedConditions$7.apply(ExpectedConditions.java:201)
	at org.openqa.selenium.support.ui.FluentWait.until(FluentWait.java:208)
	at com.generic.WrapperFunctions.click(WrapperFunctions.java:730)
	at com.pageFactory.desktopReception.winnersBankTransferReversal_Transcation_PF.navigateTowinnersBankTransferTab(winnersBankTransferReversal_Transcation_PF.java:102)
	at com.scripts.desktopReception.winnersBankTransferReversal_Transcation.VerifyWinnersBankTransferTranscation(winnersBankTransferReversal_Transcation.java:29)

checkAndVerifyViewsTransactionOfThroughoutGamingDay(com.scripts.noen.CashierAndManagerTC.BalanceDetailsVerification)  Time elapsed: 121.054 sec  <<< ERROR!
java.lang.AssertionError: expected [true] but found [false]
	at org.testng.Assert.fail(Assert.java:94)
	at org.testng.Assert.failNotEquals(Assert.java:496)
	at org.testng.Assert.assertTrue(Assert.java:42)
	at org.testng.Assert.assertTrue(Assert.java:52)
	at com.generic.Utilities.addAssertTakeScreenShot(Utilities.java:383)
	at com.generic.Utilities.logReporter(Utilities.java:307)
	at com.pageFactory.desktopReception.login_PF.login(login_PF.java:49)
	at com.scripts.noen.CashierAndManagerTC.BalanceDetailsVerification.checkAndVerifyViewsTransactionOfThroughoutGamingDay(BalanceDetailsVerification.java:31)

checkAddViewAndDeleteThirdPartyBankAccount(com.scripts.noen.CashierAndManagerTC.AddViewAndDeleteThirdPartyBankAccount)  Time elapsed: 121.072 sec  <<< ERROR!
java.lang.AssertionError: expected [true] but found [false]
	at org.testng.Assert.fail(Assert.java:94)
	at org.testng.Assert.failNotEquals(Assert.java:496)
	at org.testng.Assert.assertTrue(Assert.java:42)
	at org.testng.Assert.assertTrue(Assert.java:52)
	at com.generic.Utilities.addAssertTakeScreenShot(Utilities.java:383)
	at com.generic.Utilities.logReporter(Utilities.java:307)
	at com.pageFactory.desktopReception.login_PF.login(login_PF.java:49)
	at com.scripts.noen.CashierAndManagerTC.AddViewAndDeleteThirdPartyBankAccount.checkAddViewAndDeleteThirdPartyBankAccount(AddViewAndDeleteThirdPartyBankAccount.java:39)

FunctionDepositONAndOFF(com.scripts.noen.CashierAndManagerTC.FunctionDepositONAndOFF)  Time elapsed: 16.266 sec  <<< ERROR!
org.openqa.selenium.WebDriverException: org.apache.http.conn.HttpHostConnectException: Connect to localhost:32180 [localhost/127.0.0.1, localhost/0:0:0:0:0:0:0:1] failed: Connection refused: connect
Build info: version: '3.7.1', revision: '8a0099a', time: '2017-11-06T21:01:39.354Z'
System info: host: 'DFWQB9R2', ip: '192.168.156.88', os.name: 'Windows 10', os.arch: 'amd64', os.version: '10.0', java.version: '1.8.0_162'
Driver info: driver.version: RemoteWebDriver
	at java.net.DualStackPlainSocketImpl.waitForConnect(Native Method)
	at java.net.DualStackPlainSocketImpl.socketConnect(DualStackPlainSocketImpl.java:85)
	at java.net.AbstractPlainSocketImpl.doConnect(AbstractPlainSocketImpl.java:350)
	at java.net.AbstractPlainSocketImpl.connectToAddress(AbstractPlainSocketImpl.java:206)
	at java.net.AbstractPlainSocketImpl.connect(AbstractPlainSocketImpl.java:188)
	at java.net.PlainSocketImpl.connect(PlainSocketImpl.java:172)
	at java.net.SocksSocketImpl.connect(SocksSocketImpl.java:392)
	at java.net.Socket.connect(Socket.java:589)
	at org.apache.http.conn.socket.PlainConnectionSocketFactory.connectSocket(PlainConnectionSocketFactory.java:75)
	at org.apache.http.impl.conn.DefaultHttpClientConnectionOperator.connect(DefaultHttpClientConnectionOperator.java:142)
	at org.apache.http.impl.conn.PoolingHttpClientConnectionManager.connect(PoolingHttpClientConnectionManager.java:359)
	at org.apache.http.impl.execchain.MainClientExec.establishRoute(MainClientExec.java:381)
	at org.apache.http.impl.execchain.MainClientExec.execute(MainClientExec.java:237)
	at org.apache.http.impl.execchain.ProtocolExec.execute(ProtocolExec.java:185)
	at org.apache.http.impl.execchain.RetryExec.execute(RetryExec.java:89)
	at org.apache.http.impl.execchain.RedirectExec.execute(RedirectExec.java:111)
	at org.apache.http.impl.client.InternalHttpClient.doExecute(InternalHttpClient.java:185)
	at org.apache.http.impl.client.CloseableHttpClient.execute(CloseableHttpClient.java:72)
	at org.apache.http.impl.client.CloseableHttpClient.execute(CloseableHttpClient.java:56)
	at org.openqa.selenium.remote.internal.ApacheHttpClient.fallBackExecute(ApacheHttpClient.java:138)
	at org.openqa.selenium.remote.internal.ApacheHttpClient.execute(ApacheHttpClient.java:86)
	at org.openqa.selenium.remote.HttpCommandExecutor.execute(HttpCommandExecutor.java:161)
	at org.openqa.selenium.remote.service.DriverCommandExecutor.execute(DriverCommandExecutor.java:83)
	at org.openqa.selenium.remote.RemoteWebDriver.execute(RemoteWebDriver.java:600)
	at org.openqa.selenium.remote.RemoteWebDriver.findElements(RemoteWebDriver.java:397)
	at org.openqa.selenium.remote.RemoteWebDriver.findElementsByXPath(RemoteWebDriver.java:476)
	at org.openqa.selenium.By$ByXPath.findElements(By.java:356)
	at org.openqa.selenium.remote.RemoteWebDriver.findElements(RemoteWebDriver.java:358)
	at org.openqa.selenium.support.ui.ExpectedConditions.findElement(ExpectedConditions.java:881)
	at org.openqa.selenium.support.ui.ExpectedConditions.access$000(ExpectedConditions.java:43)
	at org.openqa.selenium.support.ui.ExpectedConditions$7.apply(ExpectedConditions.java:205)
	at org.openqa.selenium.support.ui.ExpectedConditions$7.apply(ExpectedConditions.java:201)
	at org.openqa.selenium.support.ui.FluentWait.until(FluentWait.java:208)
	at com.generic.WrapperFunctions.click(WrapperFunctions.java:730)
	at com.pageFactory.desktopReception.login_PF.login(login_PF.java:51)
	at com.scripts.noen.CashierAndManagerTC.FunctionDepositONAndOFF.FunctionDepositONAndOFF(FunctionDepositONAndOFF.java:34)

exchangeTravellersCheque(com.scripts.noen.Reception.OpeningGamingDay.ExchangeTravellersCheque)  Time elapsed: 16.236 sec  <<< ERROR!
org.openqa.selenium.WebDriverException: org.apache.http.conn.HttpHostConnectException: Connect to localhost:39017 [localhost/127.0.0.1, localhost/0:0:0:0:0:0:0:1] failed: Connection refused: connect
Build info: version: '3.7.1', revision: '8a0099a', time: '2017-11-06T21:01:39.354Z'
System info: host: 'DFWQB9R2', ip: '192.168.156.88', os.name: 'Windows 10', os.arch: 'amd64', os.version: '10.0', java.version: '1.8.0_162'
Driver info: driver.version: RemoteWebDriver
	at java.net.DualStackPlainSocketImpl.waitForConnect(Native Method)
	at java.net.DualStackPlainSocketImpl.socketConnect(DualStackPlainSocketImpl.java:85)
	at java.net.AbstractPlainSocketImpl.doConnect(AbstractPlainSocketImpl.java:350)
	at java.net.AbstractPlainSocketImpl.connectToAddress(AbstractPlainSocketImpl.java:206)
	at java.net.AbstractPlainSocketImpl.connect(AbstractPlainSocketImpl.java:188)
	at java.net.PlainSocketImpl.connect(PlainSocketImpl.java:172)
	at java.net.SocksSocketImpl.connect(SocksSocketImpl.java:392)
	at java.net.Socket.connect(Socket.java:589)
	at org.apache.http.conn.socket.PlainConnectionSocketFactory.connectSocket(PlainConnectionSocketFactory.java:75)
	at org.apache.http.impl.conn.DefaultHttpClientConnectionOperator.connect(DefaultHttpClientConnectionOperator.java:142)
	at org.apache.http.impl.conn.PoolingHttpClientConnectionManager.connect(PoolingHttpClientConnectionManager.java:359)
	at org.apache.http.impl.execchain.MainClientExec.establishRoute(MainClientExec.java:381)
	at org.apache.http.impl.execchain.MainClientExec.execute(MainClientExec.java:237)
	at org.apache.http.impl.execchain.ProtocolExec.execute(ProtocolExec.java:185)
	at org.apache.http.impl.execchain.RetryExec.execute(RetryExec.java:89)
	at org.apache.http.impl.execchain.RedirectExec.execute(RedirectExec.java:111)
	at org.apache.http.impl.client.InternalHttpClient.doExecute(InternalHttpClient.java:185)
	at org.apache.http.impl.client.CloseableHttpClient.execute(CloseableHttpClient.java:72)
	at org.apache.http.impl.client.CloseableHttpClient.execute(CloseableHttpClient.java:56)
	at org.openqa.selenium.remote.internal.ApacheHttpClient.fallBackExecute(ApacheHttpClient.java:138)
	at org.openqa.selenium.remote.internal.ApacheHttpClient.execute(ApacheHttpClient.java:86)
	at org.openqa.selenium.remote.HttpCommandExecutor.execute(HttpCommandExecutor.java:161)
	at org.openqa.selenium.remote.service.DriverCommandExecutor.execute(DriverCommandExecutor.java:83)
	at org.openqa.selenium.remote.RemoteWebDriver.execute(RemoteWebDriver.java:600)
	at org.openqa.selenium.remote.RemoteWebDriver.findElements(RemoteWebDriver.java:397)
	at org.openqa.selenium.remote.RemoteWebDriver.findElementsByXPath(RemoteWebDriver.java:476)
	at org.openqa.selenium.By$ByXPath.findElements(By.java:356)
	at org.openqa.selenium.remote.RemoteWebDriver.findElements(RemoteWebDriver.java:358)
	at org.openqa.selenium.support.ui.ExpectedConditions.findElement(ExpectedConditions.java:881)
	at org.openqa.selenium.support.ui.ExpectedConditions.access$000(ExpectedConditions.java:43)
	at org.openqa.selenium.support.ui.ExpectedConditions$7.apply(ExpectedConditions.java:205)
	at org.openqa.selenium.support.ui.ExpectedConditions$7.apply(ExpectedConditions.java:201)
	at org.openqa.selenium.support.ui.FluentWait.until(FluentWait.java:208)
	at com.generic.WrapperFunctions.click(WrapperFunctions.java:730)
	at com.pageFactory.desktopReception.login_PF.login(login_PF.java:51)
	at com.scripts.noen.Reception.OpeningGamingDay.ExchangeTravellersCheque.exchangeTravellersCheque(ExchangeTravellersCheque.java:36)

checkView_Authorizations_AlarmsAlerts(com.scripts.noen.CashierAndManagerTC.View_Authorizations_AlarmsAlerts)  Time elapsed: 121.468 sec  <<< ERROR!
java.lang.AssertionError: expected [true] but found [false]
	at org.testng.Assert.fail(Assert.java:94)
	at org.testng.Assert.failNotEquals(Assert.java:496)
	at org.testng.Assert.assertTrue(Assert.java:42)
	at org.testng.Assert.assertTrue(Assert.java:52)
	at com.generic.Utilities.addAssertTakeScreenShot(Utilities.java:383)
	at com.generic.Utilities.logReporter(Utilities.java:307)
	at com.pageFactory.desktopReception.login_PF.login(login_PF.java:49)
	at com.scripts.noen.CashierAndManagerTC.View_Authorizations_AlarmsAlerts.checkView_Authorizations_AlarmsAlerts(View_Authorizations_AlarmsAlerts.java:37)

Customer_ManageDueDiligenceFilter(com.scripts.desktopReception.CustomerDueDiligenceFilter)  Time elapsed: 445.53 sec  <<< ERROR!
java.lang.AssertionError: expected [true] but found [false]
	at org.testng.Assert.fail(Assert.java:94)
	at org.testng.Assert.failNotEquals(Assert.java:496)
	at org.testng.Assert.assertTrue(Assert.java:42)
	at org.testng.Assert.assertTrue(Assert.java:52)
	at com.generic.Utilities.addAssertTakeScreenShot(Utilities.java:383)
	at com.generic.Utilities.logReporter(Utilities.java:307)
	at com.pageFactory.desktopReception.CustomerDueDiligenceFilter_PF.customerDueDiligenceDetails(CustomerDueDiligenceFilter_PF.java:229)
	at com.pageFactory.desktopReception.CustomerDueDiligenceFilter_PF.VerifyResult(CustomerDueDiligenceFilter_PF.java:221)
	at com.pageFactory.desktopReception.CustomerDueDiligenceFilter_PF.setFilter(CustomerDueDiligenceFilter_PF.java:192)
	at com.scripts.desktopReception.CustomerDueDiligenceFilter.Customer_ManageDueDiligenceFilter(CustomerDueDiligenceFilter.java:26)

addBarredSuspensionToCustomerProfile(com.scripts.desktopReception.customerProfile_AddEditViewBarredsuspension)  Time elapsed: 138.48 sec  <<< ERROR!
org.openqa.selenium.TimeoutException: Expected condition failed: waiting for visibility of element located by By.xpath: //li[@id='linkUserLogOut']//a[contains(.,'Log Out')] (tried for 30 second(s) with 500 MILLISECONDS interval)
Build info: version: '3.7.1', revision: '8a0099a', time: '2017-11-06T21:01:39.354Z'
System info: host: 'DFWQB9R2', ip: '192.168.156.88', os.name: 'Windows 10', os.arch: 'amd64', os.version: '10.0', java.version: '1.8.0_162'
Driver info: org.openqa.selenium.ie.InternetExplorerDriver
Capabilities {browserAttachTimeout: 0, browserName: internet explorer, elementScrollBehavior: 0, enableElementCacheCleanup: true, enablePersistentHover: true, ie.browserCommandLineSwitches: , ie.enableFullPageScreenshot: true, ie.ensureCleanSession: false, ie.fileUploadDialogTimeout: 3000, ie.forceCreateProcessApi: false, ie.forceShellWindowsApi: false, ignoreProtectedModeSettings: true, ignoreZoomSetting: false, initialBrowserUrl: http://localhost:27835/, javascriptEnabled: true, nativeEvents: true, pageLoadStrategy: normal, platform: WINDOWS, platformName: WINDOWS, requireWindowFocus: false, unexpectedAlertBehaviour: dismiss, unhandledPromptBehavior: dismiss, version: 11}
Session ID: 03247266-0ce3-4909-abc1-ad51452a8712
	at org.openqa.selenium.support.ui.WebDriverWait.timeoutException(WebDriverWait.java:82)
	at org.openqa.selenium.support.ui.FluentWait.until(FluentWait.java:231)
	at com.generic.WrapperFunctions.click(WrapperFunctions.java:730)
	at com.pageFactory.desktopReception.login_PF.logout(login_PF.java:67)
	at com.scripts.desktopReception.customerProfile_AddEditViewBarredsuspension.addBarredSuspensionToCustomerProfile(customerProfile_AddEditViewBarredsuspension.java:30)

tc6421_addEditLiftSuspendedSuspensionToCustomerProfile(com.scripts.desktopReception.customerProfile_AddSuspendedSuspension)  Time elapsed: 159.45 sec  <<< ERROR!
org.openqa.selenium.NoSuchElementException: Unable to find element with xpath == //section[@class='sidebar']//li[@id='tabSuspensions']//a[contains(.,'Suspensions')] (WARNING: The server did not provide any stacktrace information)
Command duration or timeout: 0 milliseconds
For documentation on this error, please visit: http://seleniumhq.org/exceptions/no_such_element.html
Build info: version: '3.7.1', revision: '8a0099a', time: '2017-11-06T21:01:39.354Z'
System info: host: 'DFWQB9R2', ip: '192.168.156.88', os.name: 'Windows 10', os.arch: 'amd64', os.version: '10.0', java.version: '1.8.0_162'
Driver info: org.openqa.selenium.ie.InternetExplorerDriver
Capabilities {browserAttachTimeout: 0, browserName: internet explorer, elementScrollBehavior: 0, enableElementCacheCleanup: true, enablePersistentHover: true, ie.browserCommandLineSwitches: , ie.enableFullPageScreenshot: true, ie.ensureCleanSession: false, ie.fileUploadDialogTimeout: 3000, ie.forceCreateProcessApi: false, ie.forceShellWindowsApi: false, ignoreProtectedModeSettings: true, ignoreZoomSetting: false, initialBrowserUrl: http://localhost:9199/, javascriptEnabled: true, nativeEvents: true, pageLoadStrategy: normal, platform: WINDOWS, platformName: WINDOWS, requireWindowFocus: false, unexpectedAlertBehaviour: dismiss, unhandledPromptBehavior: dismiss, version: 11}
Session ID: e6968dce-fc95-441c-9e66-867b9ea7c8c5
*** Element info: {Using=xpath, value=//section[@class='sidebar']//li[@id='tabSuspensions']//a[contains(.,'Suspensions')]}
	at sun.reflect.GeneratedConstructorAccessor58.newInstance(Unknown Source)
	at sun.reflect.DelegatingConstructorAccessorImpl.newInstance(DelegatingConstructorAccessorImpl.java:45)
	at java.lang.reflect.Constructor.newInstance(Constructor.java:423)
	at org.openqa.selenium.remote.ErrorHandler.createThrowable(ErrorHandler.java:214)
	at org.openqa.selenium.remote.ErrorHandler.throwIfResponseFailed(ErrorHandler.java:166)
	at org.openqa.selenium.remote.http.JsonHttpResponseCodec.reconstructValue(JsonHttpResponseCodec.java:40)
	at org.openqa.selenium.remote.http.AbstractHttpResponseCodec.decode(AbstractHttpResponseCodec.java:80)
	at org.openqa.selenium.remote.http.AbstractHttpResponseCodec.decode(AbstractHttpResponseCodec.java:44)
	at org.openqa.selenium.remote.HttpCommandExecutor.execute(HttpCommandExecutor.java:164)
	at org.openqa.selenium.remote.service.DriverCommandExecutor.execute(DriverCommandExecutor.java:83)
	at org.openqa.selenium.remote.RemoteWebDriver.execute(RemoteWebDriver.java:600)
	at org.openqa.selenium.remote.RemoteWebDriver.findElement(RemoteWebDriver.java:370)
	at org.openqa.selenium.remote.RemoteWebDriver.findElementByXPath(RemoteWebDriver.java:472)
	at org.openqa.selenium.By$ByXPath.findElement(By.java:361)
	at org.openqa.selenium.remote.RemoteWebDriver.findElement(RemoteWebDriver.java:362)
	at com.generic.WrapperFunctions.scrollTab(WrapperFunctions.java:2461)
	at com.pageFactory.desktopReception.customerProfile_AddSuspendedSuspension_PF.clickSuspensionsTab(customerProfile_AddSuspendedSuspension_PF.java:98)
	at com.scripts.desktopReception.customerProfile_AddSuspendedSuspension.tc6421_addEditLiftSuspendedSuspensionToCustomerProfile(customerProfile_AddSuspendedSuspension.java:58)

checkPlayerTracking_HospitalityTransaction(com.scripts.noen.CashierAndManagerTC.PlayerTracking_HospitalityTransaction)  Time elapsed: 16.189 sec  <<< ERROR!
org.openqa.selenium.WebDriverException: org.apache.http.conn.HttpHostConnectException: Connect to localhost:25912 [localhost/127.0.0.1, localhost/0:0:0:0:0:0:0:1] failed: Connection refused: connect
Build info: version: '3.7.1', revision: '8a0099a', time: '2017-11-06T21:01:39.354Z'
System info: host: 'DFWQB9R2', ip: '192.168.156.88', os.name: 'Windows 10', os.arch: 'amd64', os.version: '10.0', java.version: '1.8.0_162'
Driver info: driver.version: RemoteWebDriver
	at java.net.DualStackPlainSocketImpl.waitForConnect(Native Method)
	at java.net.DualStackPlainSocketImpl.socketConnect(DualStackPlainSocketImpl.java:85)
	at java.net.AbstractPlainSocketImpl.doConnect(AbstractPlainSocketImpl.java:350)
	at java.net.AbstractPlainSocketImpl.connectToAddress(AbstractPlainSocketImpl.java:206)
	at java.net.AbstractPlainSocketImpl.connect(AbstractPlainSocketImpl.java:188)
	at java.net.PlainSocketImpl.connect(PlainSocketImpl.java:172)
	at java.net.SocksSocketImpl.connect(SocksSocketImpl.java:392)
	at java.net.Socket.connect(Socket.java:589)
	at org.apache.http.conn.socket.PlainConnectionSocketFactory.connectSocket(PlainConnectionSocketFactory.java:75)
	at org.apache.http.impl.conn.DefaultHttpClientConnectionOperator.connect(DefaultHttpClientConnectionOperator.java:142)
	at org.apache.http.impl.conn.PoolingHttpClientConnectionManager.connect(PoolingHttpClientConnectionManager.java:359)
	at org.apache.http.impl.execchain.MainClientExec.establishRoute(MainClientExec.java:381)
	at org.apache.http.impl.execchain.MainClientExec.execute(MainClientExec.java:237)
	at org.apache.http.impl.execchain.ProtocolExec.execute(ProtocolExec.java:185)
	at org.apache.http.impl.execchain.RetryExec.execute(RetryExec.java:89)
	at org.apache.http.impl.execchain.RedirectExec.execute(RedirectExec.java:111)
	at org.apache.http.impl.client.InternalHttpClient.doExecute(InternalHttpClient.java:185)
	at org.apache.http.impl.client.CloseableHttpClient.execute(CloseableHttpClient.java:72)
	at org.apache.http.impl.client.CloseableHttpClient.execute(CloseableHttpClient.java:56)
	at org.openqa.selenium.remote.internal.ApacheHttpClient.fallBackExecute(ApacheHttpClient.java:138)
	at org.openqa.selenium.remote.internal.ApacheHttpClient.execute(ApacheHttpClient.java:86)
	at org.openqa.selenium.remote.HttpCommandExecutor.execute(HttpCommandExecutor.java:161)
	at org.openqa.selenium.remote.service.DriverCommandExecutor.execute(DriverCommandExecutor.java:83)
	at org.openqa.selenium.remote.RemoteWebDriver.execute(RemoteWebDriver.java:600)
	at org.openqa.selenium.remote.RemoteWebDriver.findElements(RemoteWebDriver.java:397)
	at org.openqa.selenium.remote.RemoteWebDriver.findElementsByXPath(RemoteWebDriver.java:476)
	at org.openqa.selenium.By$ByXPath.findElements(By.java:356)
	at org.openqa.selenium.remote.RemoteWebDriver.findElements(RemoteWebDriver.java:358)
	at org.openqa.selenium.support.ui.ExpectedConditions.findElement(ExpectedConditions.java:881)
	at org.openqa.selenium.support.ui.ExpectedConditions.access$000(ExpectedConditions.java:43)
	at org.openqa.selenium.support.ui.ExpectedConditions$7.apply(ExpectedConditions.java:205)
	at org.openqa.selenium.support.ui.ExpectedConditions$7.apply(ExpectedConditions.java:201)
	at org.openqa.selenium.support.ui.FluentWait.until(FluentWait.java:208)
	at com.generic.WrapperFunctions.click(WrapperFunctions.java:730)
	at com.pageFactory.desktopReception.login_PF.login(login_PF.java:51)
	at com.scripts.noen.CashierAndManagerTC.PlayerTracking_HospitalityTransaction.checkPlayerTracking_HospitalityTransaction(PlayerTracking_HospitalityTransaction.java:36)

CashDeskImportCurrencyRate(com.scripts.noen.ForeignCurrency.CashDeskImportCurrencyRate)  Time elapsed: 246.116 sec  <<< ERROR!
java.lang.AssertionError: expected [true] but found [false]
	at org.testng.Assert.fail(Assert.java:94)
	at org.testng.Assert.failNotEquals(Assert.java:496)
	at org.testng.Assert.assertTrue(Assert.java:42)
	at org.testng.Assert.assertTrue(Assert.java:52)
	at com.generic.Utilities.addAssertTakeScreenShot(Utilities.java:383)
	at com.generic.Utilities.logReporter(Utilities.java:307)
	at com.pageFactory.CashierManagerTC.TopNavigation_CashDesk.verifyConfirmationMessage(TopNavigation_CashDesk.java:404)
	at com.pageFactory.CashierManagerTC.TopNavigation_CashDesk.importCurrencyRate(TopNavigation_CashDesk.java:381)
	at com.scripts.noen.ForeignCurrency.CashDeskImportCurrencyRate.CashDeskImportCurrencyRate(CashDeskImportCurrencyRate.java:31)

viewcashier_AssetEntryDetails(com.scripts.noen.LEO_Tables.Test6629_TableDevices)  Time elapsed: 31.047 sec  <<< ERROR!
org.openqa.selenium.WebDriverException: org.apache.http.conn.HttpHostConnectException: Connect to localhost:40953 [localhost/127.0.0.1, localhost/0:0:0:0:0:0:0:1] failed: Connection refused: connect
Build info: version: '3.7.1', revision: '8a0099a', time: '2017-11-06T21:01:39.354Z'
System info: host: 'DFWQB9R2', ip: '192.168.156.88', os.name: 'Windows 10', os.arch: 'amd64', os.version: '10.0', java.version: '1.8.0_162'
Driver info: driver.version: RemoteWebDriver
	at java.net.DualStackPlainSocketImpl.waitForConnect(Native Method)
	at java.net.DualStackPlainSocketImpl.socketConnect(DualStackPlainSocketImpl.java:85)
	at java.net.AbstractPlainSocketImpl.doConnect(AbstractPlainSocketImpl.java:350)
	at java.net.AbstractPlainSocketImpl.connectToAddress(AbstractPlainSocketImpl.java:206)
	at java.net.AbstractPlainSocketImpl.connect(AbstractPlainSocketImpl.java:188)
	at java.net.PlainSocketImpl.connect(PlainSocketImpl.java:172)
	at java.net.SocksSocketImpl.connect(SocksSocketImpl.java:392)
	at java.net.Socket.connect(Socket.java:589)
	at org.apache.http.conn.socket.PlainConnectionSocketFactory.connectSocket(PlainConnectionSocketFactory.java:75)
	at org.apache.http.impl.conn.DefaultHttpClientConnectionOperator.connect(DefaultHttpClientConnectionOperator.java:142)
	at org.apache.http.impl.conn.PoolingHttpClientConnectionManager.connect(PoolingHttpClientConnectionManager.java:359)
	at org.apache.http.impl.execchain.MainClientExec.establishRoute(MainClientExec.java:381)
	at org.apache.http.impl.execchain.MainClientExec.execute(MainClientExec.java:237)
	at org.apache.http.impl.execchain.ProtocolExec.execute(ProtocolExec.java:185)
	at org.apache.http.impl.execchain.RetryExec.execute(RetryExec.java:89)
	at org.apache.http.impl.execchain.RedirectExec.execute(RedirectExec.java:111)
	at org.apache.http.impl.client.InternalHttpClient.doExecute(InternalHttpClient.java:185)
	at org.apache.http.impl.client.CloseableHttpClient.execute(CloseableHttpClient.java:72)
	at org.apache.http.impl.client.CloseableHttpClient.execute(CloseableHttpClient.java:56)
	at org.openqa.selenium.remote.internal.ApacheHttpClient.fallBackExecute(ApacheHttpClient.java:138)
	at org.openqa.selenium.remote.internal.ApacheHttpClient.execute(ApacheHttpClient.java:86)
	at org.openqa.selenium.remote.HttpCommandExecutor.execute(HttpCommandExecutor.java:161)
	at org.openqa.selenium.remote.service.DriverCommandExecutor.execute(DriverCommandExecutor.java:83)
	at org.openqa.selenium.remote.RemoteWebDriver.execute(RemoteWebDriver.java:600)
	at org.openqa.selenium.remote.RemoteWebDriver.findElements(RemoteWebDriver.java:397)
	at org.openqa.selenium.remote.RemoteWebDriver.findElementsByCssSelector(RemoteWebDriver.java:468)
	at org.openqa.selenium.By$ByCssSelector.findElements(By.java:441)
	at org.openqa.selenium.remote.RemoteWebDriver.findElements(RemoteWebDriver.java:358)
	at org.openqa.selenium.support.ui.ExpectedConditions.findElement(ExpectedConditions.java:881)
	at org.openqa.selenium.support.ui.ExpectedConditions.access$000(ExpectedConditions.java:43)
	at org.openqa.selenium.support.ui.ExpectedConditions$7.apply(ExpectedConditions.java:205)
	at org.openqa.selenium.support.ui.ExpectedConditions$7.apply(ExpectedConditions.java:201)
	at org.openqa.selenium.support.ui.FluentWait.until(FluentWait.java:208)
	at com.generic.WrapperFunctions.click(WrapperFunctions.java:730)
	at com.pageFactory.LEOTables.TableDevice_PF.NavigateToTableAccountingTab(TableDevice_PF.java:50)
	at com.scripts.noen.LEO_Tables.Test6629_TableDevices.viewcashier_AssetEntryDetails(Test6629_TableDevices.java:28)

