{
  "uid" : "150891c51c6866de",
  "name" : "addCreditBankDeatils_CreditAccountTC",
  "title" : "Add credit bank deatils credit account TC",
  "time" : {
    "start" : 1554813145700,
    "stop" : 1554813238244,
    "duration" : 92544
  },
  "summary" : {
    "attachments" : 0,
    "steps" : 18
  },
  "failure" : {
    "message" : "WebDriverException: org.apache.http.conn.HttpHostConnectException: Connect to localhost:21009 [localhost/127.0.0.1, localhost/0:0:0:0:0:0:0:1] failed: Connection refused: connect\nBuild info: version: '3.7.1', revision: '8a0099a', time: '2017-11-06T21:01:39.354Z'\nSystem info: host: 'DFWQB9R2', ip: '192.168.156.88', os.name: 'Windows 10', os.arch: 'amd64', os.version: '10.0', java.version: '1.8.0_162'\nDriver info: driver.version: RemoteWebDriver",
    "stackTrace" : "org.openqa.selenium.WebDriverException: org.apache.http.conn.HttpHostConnectException: Connect to localhost:21009 [localhost/127.0.0.1, localhost/0:0:0:0:0:0:0:1] failed: Connection refused: connect\nBuild info: version: '3.7.1', revision: '8a0099a', time: '2017-11-06T21:01:39.354Z'\nSystem info: host: 'DFWQB9R2', ip: '192.168.156.88', os.name: 'Windows 10', os.arch: 'amd64', os.version: '10.0', java.version: '1.8.0_162'\nDriver info: driver.version: RemoteWebDriver\n\tat org.openqa.selenium.remote.service.DriverCommandExecutor.execute(DriverCommandExecutor.java:92)\n\tat org.openqa.selenium.remote.RemoteWebDriver.execute(RemoteWebDriver.java:600)\n\tat org.openqa.selenium.remote.RemoteWebDriver.findElements(RemoteWebDriver.java:397)\n\tat org.openqa.selenium.remote.RemoteWebDriver.findElementsByCssSelector(RemoteWebDriver.java:468)\n\tat org.openqa.selenium.By$ByCssSelector.findElements(By.java:441)\n\tat org.openqa.selenium.remote.RemoteWebDriver.findElements(RemoteWebDriver.java:358)\n\tat org.openqa.selenium.support.ui.ExpectedConditions.findElement(ExpectedConditions.java:881)\n\tat org.openqa.selenium.support.ui.ExpectedConditions.access$000(ExpectedConditions.java:43)\n\tat org.openqa.selenium.support.ui.ExpectedConditions$7.apply(ExpectedConditions.java:205)\n\tat org.openqa.selenium.support.ui.ExpectedConditions$7.apply(ExpectedConditions.java:201)\n\tat org.openqa.selenium.support.ui.FluentWait.until(FluentWait.java:208)\n\tat com.generic.WrapperFunctions.click(WrapperFunctions.java:730)\n\tat com.pageFactory.CashierManagerTC.TopNavigation_Credit.clicktopNavigationCredit(TopNavigation_Credit.java:1129)\n\tat com.scripts.noen.CashierAndManagerTC.CreditAccountTestCases.addCreditBankDeatils_CreditAccountTC(CreditAccountTestCases.java:44)\n\tat sun.reflect.NativeMethodAccessorImpl.invoke0(Native Method)\n\tat sun.reflect.NativeMethodAccessorImpl.invoke(NativeMethodAccessorImpl.java:62)\n\tat sun.reflect.DelegatingMethodAccessorImpl.invoke(DelegatingMethodAccessorImpl.java:43)\n\tat java.lang.reflect.Method.invoke(Method.java:498)\n\tat org.testng.internal.MethodInvocationHelper.invokeMethod(MethodInvocationHelper.java:85)\n\tat org.testng.internal.Invoker.invokeMethod(Invoker.java:639)\n\tat org.testng.internal.Invoker.invokeTestMethod(Invoker.java:821)\n\tat org.testng.internal.Invoker.invokeTestMethods(Invoker.java:1131)\n\tat org.testng.internal.TestMethodWorker.invokeTestMethods(TestMethodWorker.java:124)\n\tat org.testng.internal.TestMethodWorker.run(TestMethodWorker.java:108)\n\tat org.testng.TestRunner.privateRun(TestRunner.java:773)\n\tat org.testng.TestRunner.run(TestRunner.java:623)\n\tat org.testng.SuiteRunner.runTest(SuiteRunner.java:357)\n\tat org.testng.SuiteRunner.runSequentially(SuiteRunner.java:352)\n\tat org.testng.SuiteRunner.privateRun(SuiteRunner.java:310)\n\tat org.testng.SuiteRunner.run(SuiteRunner.java:259)\n\tat org.testng.SuiteRunnerWorker.runSuite(SuiteRunnerWorker.java:52)\n\tat org.testng.SuiteRunnerWorker.run(SuiteRunnerWorker.java:86)\n\tat org.testng.TestNG.runSuitesSequentially(TestNG.java:1185)\n\tat org.testng.TestNG.runSuitesLocally(TestNG.java:1110)\n\tat org.testng.TestNG.run(TestNG.java:1018)\n\tat org.apache.maven.surefire.testng.TestNGExecutor.run(TestNGExecutor.java:178)\n\tat org.apache.maven.surefire.testng.TestNGXmlTestSuite.execute(TestNGXmlTestSuite.java:92)\n\tat org.apache.maven.surefire.testng.TestNGProvider.invoke(TestNGProvider.java:96)\n\tat sun.reflect.NativeMethodAccessorImpl.invoke0(Native Method)\n\tat sun.reflect.NativeMethodAccessorImpl.invoke(NativeMethodAccessorImpl.java:62)\n\tat sun.reflect.DelegatingMethodAccessorImpl.invoke(DelegatingMethodAccessorImpl.java:43)\n\tat java.lang.reflect.Method.invoke(Method.java:498)\n\tat org.apache.maven.surefire.util.ReflectionUtils.invokeMethodWithArray2(ReflectionUtils.java:208)\n\tat org.apache.maven.surefire.booter.ProviderFactory$ProviderProxy.invoke(ProviderFactory.java:158)\n\tat org.apache.maven.surefire.booter.ProviderFactory.invokeProvider(ProviderFactory.java:86)\n\tat org.apache.maven.surefire.booter.ForkedBooter.runSuitesInProcess(ForkedBooter.java:153)\n\tat org.apache.maven.surefire.booter.ForkedBooter.main(ForkedBooter.java:95)\nCaused by: org.apache.http.conn.HttpHostConnectException: Connect to localhost:21009 [localhost/127.0.0.1, localhost/0:0:0:0:0:0:0:1] failed: Connection refused: connect\n\tat org.apache.http.impl.conn.DefaultHttpClientConnectionOperator.connect(DefaultHttpClientConnectionOperator.java:159)\n\tat org.apache.http.impl.conn.PoolingHttpClientConnectionManager.connect(PoolingHttpClientConnectionManager.java:359)\n\tat org.apache.http.impl.execchain.MainClientExec.establishRoute(MainClientExec.java:381)\n\tat org.apache.http.impl.execchain.MainClientExec.execute(MainClientExec.java:237)\n\tat org.apache.http.impl.execchain.ProtocolExec.execute(ProtocolExec.java:185)\n\tat org.apache.http.impl.execchain.RetryExec.execute(RetryExec.java:89)\n\tat org.apache.http.impl.execchain.RedirectExec.execute(RedirectExec.java:111)\n\tat org.apache.http.impl.client.InternalHttpClient.doExecute(InternalHttpClient.java:185)\n\tat org.apache.http.impl.client.CloseableHttpClient.execute(CloseableHttpClient.java:72)\n\tat org.apache.http.impl.client.CloseableHttpClient.execute(CloseableHttpClient.java:56)\n\tat org.openqa.selenium.remote.internal.ApacheHttpClient.fallBackExecute(ApacheHttpClient.java:138)\n\tat org.openqa.selenium.remote.internal.ApacheHttpClient.execute(ApacheHttpClient.java:86)\n\tat org.openqa.selenium.remote.HttpCommandExecutor.execute(HttpCommandExecutor.java:161)\n\tat org.openqa.selenium.remote.service.DriverCommandExecutor.execute(DriverCommandExecutor.java:83)\n\t... 46 more\nCaused by: java.net.ConnectException: Connection refused: connect\n\tat java.net.DualStackPlainSocketImpl.waitForConnect(Native Method)\n\tat java.net.DualStackPlainSocketImpl.socketConnect(DualStackPlainSocketImpl.java:85)\n\tat java.net.AbstractPlainSocketImpl.doConnect(AbstractPlainSocketImpl.java:350)\n\tat java.net.AbstractPlainSocketImpl.connectToAddress(AbstractPlainSocketImpl.java:206)\n\tat java.net.AbstractPlainSocketImpl.connect(AbstractPlainSocketImpl.java:188)\n\tat java.net.PlainSocketImpl.connect(PlainSocketImpl.java:172)\n\tat java.net.SocksSocketImpl.connect(SocksSocketImpl.java:392)\n\tat java.net.Socket.connect(Socket.java:589)\n\tat org.apache.http.conn.socket.PlainConnectionSocketFactory.connectSocket(PlainConnectionSocketFactory.java:75)\n\tat org.apache.http.impl.conn.DefaultHttpClientConnectionOperator.connect(DefaultHttpClientConnectionOperator.java:142)\n\t... 59 more\n"
  },
  "description" : null,
  "severity" : "NORMAL",
  "status" : "CANCELED",
  "steps" : [ {
    "name" : "logReporter[Enter username, true, false]",
    "title" : "Enter username",
    "time" : {
      "start" : 1554813146489,
      "stop" : 1554813146498,
      "duration" : 9
    },
    "summary" : {
      "attachments" : 0,
      "steps" : 0
    },
    "status" : "PASSED",
    "attachments" : [ ],
    "steps" : [ ]
  }, {
    "name" : "logReporter[Enter password, true, false]",
    "title" : "Enter password",
    "time" : {
      "start" : 1554813147345,
      "stop" : 1554813147346,
      "duration" : 1
    },
    "summary" : {
      "attachments" : 0,
      "steps" : 0
    },
    "status" : "PASSED",
    "attachments" : [ ],
    "steps" : [ ]
  }, {
    "name" : "logReporter[Click on signBtn, true, false]",
    "title" : "Click on signBtn",
    "time" : {
      "start" : 1554813147848,
      "stop" : 1554813147851,
      "duration" : 3
    },
    "summary" : {
      "attachments" : 0,
      "steps" : 0
    },
    "status" : "PASSED",
    "attachments" : [ ],
    "steps" : [ ]
  }, {
    "name" : "logReporter[Click on top Navigation Credit, true, false]",
    "title" : "Click on top Navigation Credit",
    "time" : {
      "start" : 1554813170238,
      "stop" : 1554813170240,
      "duration" : 2
    },
    "summary" : {
      "attachments" : 0,
      "steps" : 0
    },
    "status" : "PASSED",
    "attachments" : [ ],
    "steps" : [ ]
  }, {
    "name" : "logReporter[Click on Credit Accounts form Credit, true, false]",
    "title" : "Click on Credit Accounts form Credit",
    "time" : {
      "start" : 1554813170813,
      "stop" : 1554813170815,
      "duration" : 2
    },
    "summary" : {
      "attachments" : 0,
      "steps" : 0
    },
    "status" : "PASSED",
    "attachments" : [ ],
    "steps" : [ ]
  }, {
    "name" : "logReporter[Click on Create New, true, false]",
    "title" : "Click on Create New",
    "time" : {
      "start" : 1554813172483,
      "stop" : 1554813172485,
      "duration" : 2
    },
    "summary" : {
      "attachments" : 0,
      "steps" : 0
    },
    "status" : "PASSED",
    "attachments" : [ ],
    "steps" : [ ]
  }, {
    "name" : "logReporter[Enter Acc Number, true, false]",
    "title" : "Enter Acc Number",
    "time" : {
      "start" : 1554813174229,
      "stop" : 1554813174231,
      "duration" : 2
    },
    "summary" : {
      "attachments" : 0,
      "steps" : 0
    },
    "status" : "PASSED",
    "attachments" : [ ],
    "steps" : [ ]
  }, {
    "name" : "logReporter[Click on LowerLimit , true, false]",
    "title" : "Click on LowerLimit ",
    "time" : {
      "start" : 1554813187772,
      "stop" : 1554813187773,
      "duration" : 1
    },
    "summary" : {
      "attachments" : 0,
      "steps" : 0
    },
    "status" : "PASSED",
    "attachments" : [ ],
    "steps" : [ ]
  }, {
    "name" : "logReporter[Verify Date of birth display, true, false]",
    "title" : "Verify Date of birth display",
    "time" : {
      "start" : 1554813188488,
      "stop" : 1554813188489,
      "duration" : 1
    },
    "summary" : {
      "attachments" : 0,
      "steps" : 0
    },
    "status" : "PASSED",
    "attachments" : [ ],
    "steps" : [ ]
  }, {
    "name" : "logReporter[Click on LowerLimit, true, false]",
    "title" : "Click on LowerLimit",
    "time" : {
      "start" : 1554813189164,
      "stop" : 1554813189167,
      "duration" : 3
    },
    "summary" : {
      "attachments" : 0,
      "steps" : 0
    },
    "status" : "PASSED",
    "attachments" : [ ],
    "steps" : [ ]
  }, {
    "name" : "logReporter[Enter Lower Limit, true, false]",
    "title" : "Enter Lower Limit",
    "time" : {
      "start" : 1554813199862,
      "stop" : 1554813199863,
      "duration" : 1
    },
    "summary" : {
      "attachments" : 0,
      "steps" : 0
    },
    "status" : "PASSED",
    "attachments" : [ ],
    "steps" : [ ]
  }, {
    "name" : "logReporter[Enter Upper Limit, true, false]",
    "title" : "Enter Upper Limit",
    "time" : {
      "start" : 1554813200583,
      "stop" : 1554813200584,
      "duration" : 1
    },
    "summary" : {
      "attachments" : 0,
      "steps" : 0
    },
    "status" : "PASSED",
    "attachments" : [ ],
    "steps" : [ ]
  }, {
    "name" : "logReporter[Click on  save, true, false]",
    "title" : "Click on  save",
    "time" : {
      "start" : 1554813201304,
      "stop" : 1554813201305,
      "duration" : 1
    },
    "summary" : {
      "attachments" : 0,
      "steps" : 0
    },
    "status" : "PASSED",
    "attachments" : [ ],
    "steps" : [ ]
  }, {
    "name" : "logReporter[Select manager from the list , true, false]",
    "title" : "Select manager from the list ",
    "time" : {
      "start" : 1554813205415,
      "stop" : 1554813205417,
      "duration" : 2
    },
    "summary" : {
      "attachments" : 0,
      "steps" : 0
    },
    "status" : "PASSED",
    "attachments" : [ ],
    "steps" : [ ]
  }, {
    "name" : "logReporter[Click on OK, true, false]",
    "title" : "Click on OK",
    "time" : {
      "start" : 1554813206578,
      "stop" : 1554813206580,
      "duration" : 2
    },
    "summary" : {
      "attachments" : 0,
      "steps" : 0
    },
    "status" : "PASSED",
    "attachments" : [ ],
    "steps" : [ ]
  }, {
    "name" : "logReporter[Verify successfull message display, true, false]",
    "title" : "Verify successfull message display",
    "time" : {
      "start" : 1554813208838,
      "stop" : 1554813208839,
      "duration" : 1
    },
    "summary" : {
      "attachments" : 0,
      "steps" : 0
    },
    "status" : "PASSED",
    "attachments" : [ ],
    "steps" : [ ]
  }, {
    "name" : "logReporter[Click on closeIconTab, false, false]",
    "title" : "Click on closeIconTab",
    "time" : {
      "start" : 1554813217991,
      "stop" : 1554813220019,
      "duration" : 2028
    },
    "summary" : {
      "attachments" : 0,
      "steps" : 0
    },
    "status" : "PASSED",
    "attachments" : [ ],
    "steps" : [ ]
  }, {
    "name" : "logReporter[Click on closeIconTab, false, false]",
    "title" : "Click on closeIconTab",
    "time" : {
      "start" : 1554813227100,
      "stop" : 1554813229133,
      "duration" : 2033
    },
    "summary" : {
      "attachments" : 0,
      "steps" : 0
    },
    "status" : "PASSED",
    "attachments" : [ ],
    "steps" : [ ]
  } ],
  "attachments" : [ ],
  "labels" : [ {
    "name" : "host",
    "value" : "DFWQB9R2"
  }, {
    "name" : "thread",
    "value" : "14380@DFWQB9R2.main"
  }, {
    "name" : "framework",
    "value" : "TestNG"
  }, {
    "name" : "language",
    "value" : "JAVA"
  }, {
    "name" : "feature",
    "value" : "Without feature"
  }, {
    "name" : "story",
    "value" : "Without story"
  } ],
  "parameters" : [ ]
}