{
  "uid" : "384899abb299f155",
  "name" : "ViewVoidDebitCard",
  "title" : "View void debit card",
  "time" : {
    "start" : 1554813688206,
    "stop" : 1554813856452,
    "duration" : 168246
  },
  "summary" : {
    "attachments" : 1,
    "steps" : 5
  },
  "failure" : {
    "message" : "AssertionError: expected [true] but found [false]",
    "stackTrace" : "java.lang.AssertionError: expected [true] but found [false]\n\tat org.testng.Assert.fail(Assert.java:94)\n\tat org.testng.Assert.failNotEquals(Assert.java:496)\n\tat org.testng.Assert.assertTrue(Assert.java:42)\n\tat org.testng.Assert.assertTrue(Assert.java:52)\n\tat com.generic.Utilities.addAssertTakeScreenShot(Utilities.java:383)\n\tat com.generic.Utilities.logReporter(Utilities.java:307)\n\tat com.pageFactory.CashierManagerTC.TopNavigation_Credit.viewAndVoidDebitCard(TopNavigation_Credit.java:792)\n\tat com.scripts.noen.CashierAndManagerTC.AddDebitCardManualSameCard.ViewVoidDebitCard(AddDebitCardManualSameCard.java:49)\n\tat sun.reflect.NativeMethodAccessorImpl.invoke0(Native Method)\n\tat sun.reflect.NativeMethodAccessorImpl.invoke(NativeMethodAccessorImpl.java:62)\n\tat sun.reflect.DelegatingMethodAccessorImpl.invoke(DelegatingMethodAccessorImpl.java:43)\n\tat java.lang.reflect.Method.invoke(Method.java:498)\n\tat org.testng.internal.MethodInvocationHelper.invokeMethod(MethodInvocationHelper.java:85)\n\tat org.testng.internal.Invoker.invokeMethod(Invoker.java:639)\n\tat org.testng.internal.Invoker.invokeTestMethod(Invoker.java:821)\n\tat org.testng.internal.Invoker.invokeTestMethods(Invoker.java:1131)\n\tat org.testng.internal.TestMethodWorker.invokeTestMethods(TestMethodWorker.java:124)\n\tat org.testng.internal.TestMethodWorker.run(TestMethodWorker.java:108)\n\tat org.testng.TestRunner.privateRun(TestRunner.java:773)\n\tat org.testng.TestRunner.run(TestRunner.java:623)\n\tat org.testng.SuiteRunner.runTest(SuiteRunner.java:357)\n\tat org.testng.SuiteRunner.runSequentially(SuiteRunner.java:352)\n\tat org.testng.SuiteRunner.privateRun(SuiteRunner.java:310)\n\tat org.testng.SuiteRunner.run(SuiteRunner.java:259)\n\tat org.testng.SuiteRunnerWorker.runSuite(SuiteRunnerWorker.java:52)\n\tat org.testng.SuiteRunnerWorker.run(SuiteRunnerWorker.java:86)\n\tat org.testng.TestNG.runSuitesSequentially(TestNG.java:1185)\n\tat org.testng.TestNG.runSuitesLocally(TestNG.java:1110)\n\tat org.testng.TestNG.run(TestNG.java:1018)\n\tat org.apache.maven.surefire.testng.TestNGExecutor.run(TestNGExecutor.java:178)\n\tat org.apache.maven.surefire.testng.TestNGXmlTestSuite.execute(TestNGXmlTestSuite.java:92)\n\tat org.apache.maven.surefire.testng.TestNGProvider.invoke(TestNGProvider.java:96)\n\tat sun.reflect.NativeMethodAccessorImpl.invoke0(Native Method)\n\tat sun.reflect.NativeMethodAccessorImpl.invoke(NativeMethodAccessorImpl.java:62)\n\tat sun.reflect.DelegatingMethodAccessorImpl.invoke(DelegatingMethodAccessorImpl.java:43)\n\tat java.lang.reflect.Method.invoke(Method.java:498)\n\tat org.apache.maven.surefire.util.ReflectionUtils.invokeMethodWithArray2(ReflectionUtils.java:208)\n\tat org.apache.maven.surefire.booter.ProviderFactory$ProviderProxy.invoke(ProviderFactory.java:158)\n\tat org.apache.maven.surefire.booter.ProviderFactory.invokeProvider(ProviderFactory.java:86)\n\tat org.apache.maven.surefire.booter.ForkedBooter.runSuitesInProcess(ForkedBooter.java:153)\n\tat org.apache.maven.surefire.booter.ForkedBooter.main(ForkedBooter.java:95)\n"
  },
  "description" : null,
  "severity" : "NORMAL",
  "status" : "CANCELED",
  "steps" : [ {
    "name" : "logReporter[Click on top Navigation Credit, true, false]",
    "title" : "Click on top Navigation Credit",
    "time" : {
      "start" : 1554813692023,
      "stop" : 1554813692023,
      "duration" : 0
    },
    "summary" : {
      "attachments" : 0,
      "steps" : 0
    },
    "status" : "PASSED",
    "attachments" : [ ],
    "steps" : [ ]
  }, {
    "name" : "logReporter[Click on view Debit card menu , true, false]",
    "title" : "Click on view Debit card menu ",
    "time" : {
      "start" : 1554813692607,
      "stop" : 1554813692607,
      "duration" : 0
    },
    "summary" : {
      "attachments" : 0,
      "steps" : 0
    },
    "status" : "PASSED",
    "attachments" : [ ],
    "steps" : [ ]
  }, {
    "name" : "logReporter[Enter Customer Number, true, false]",
    "title" : "Enter Customer Number",
    "time" : {
      "start" : 1554813694432,
      "stop" : 1554813694433,
      "duration" : 1
    },
    "summary" : {
      "attachments" : 0,
      "steps" : 0
    },
    "status" : "PASSED",
    "attachments" : [ ],
    "steps" : [ ]
  }, {
    "name" : "logReporter[Click on Find , true, false]",
    "title" : "Click on Find ",
    "time" : {
      "start" : 1554813695090,
      "stop" : 1554813695091,
      "duration" : 1
    },
    "summary" : {
      "attachments" : 0,
      "steps" : 0
    },
    "status" : "PASSED",
    "attachments" : [ ],
    "steps" : [ ]
  }, {
    "name" : "logReporter[verify view debit card screen displayed , false, false]",
    "title" : "verify view debit card screen displayed ",
    "time" : {
      "start" : 1554813856201,
      "stop" : 1554813856451,
      "duration" : 250
    },
    "summary" : {
      "attachments" : 1,
      "steps" : 0
    },
    "status" : "FAILED",
    "attachments" : [ {
      "title" : "Screenshot",
      "source" : "c896ffd1-6ae4-4f0a-ac0b-0e3a3a5d44ad-attachment.png",
      "type" : "image/png",
      "size" : 49377,
      "uid" : "107ebd61db0eb1e2"
    } ],
    "steps" : [ ]
  } ],
  "attachments" : [ ],
  "labels" : [ {
    "name" : "host",
    "value" : "DFWQB9R2"
  }, {
    "name" : "thread",
    "value" : "14380@DFWQB9R2.main"
  }, {
    "name" : "framework",
    "value" : "TestNG"
  }, {
    "name" : "language",
    "value" : "JAVA"
  }, {
    "name" : "feature",
    "value" : "Without feature"
  }, {
    "name" : "story",
    "value" : "Without story"
  } ],
  "parameters" : [ ]
}