{
  "uid" : "5cecb1e2295ce8c9",
  "name" : "AddRemovechips",
  "title" : "Add removechips",
  "time" : {
    "start" : 1554818281571,
    "stop" : 1554818421442,
    "duration" : 139871
  },
  "summary" : {
    "attachments" : 1,
    "steps" : 1
  },
  "failure" : {
    "message" : "AssertionError: expected [true] but found [false]",
    "stackTrace" : "java.lang.AssertionError: expected [true] but found [false]\n\tat org.testng.Assert.fail(Assert.java:94)\n\tat org.testng.Assert.failNotEquals(Assert.java:496)\n\tat org.testng.Assert.assertTrue(Assert.java:42)\n\tat org.testng.Assert.assertTrue(Assert.java:52)\n\tat com.generic.Utilities.addAssertTakeScreenShot(Utilities.java:383)\n\tat com.generic.Utilities.logReporter(Utilities.java:307)\n\tat com.pageFactory.desktopReception.login_PF.login(login_PF.java:49)\n\tat com.scripts.desktopReception.chipsAddRemove.AddRemovechips(chipsAddRemove.java:22)\n\tat sun.reflect.NativeMethodAccessorImpl.invoke0(Native Method)\n\tat sun.reflect.NativeMethodAccessorImpl.invoke(NativeMethodAccessorImpl.java:62)\n\tat sun.reflect.DelegatingMethodAccessorImpl.invoke(DelegatingMethodAccessorImpl.java:43)\n\tat java.lang.reflect.Method.invoke(Method.java:498)\n\tat org.testng.internal.MethodInvocationHelper.invokeMethod(MethodInvocationHelper.java:85)\n\tat org.testng.internal.Invoker.invokeMethod(Invoker.java:639)\n\tat org.testng.internal.Invoker.retryFailed(Invoker.java:968)\n\tat org.testng.internal.Invoker.invokeTestMethods(Invoker.java:1149)\n\tat org.testng.internal.TestMethodWorker.invokeTestMethods(TestMethodWorker.java:124)\n\tat org.testng.internal.TestMethodWorker.run(TestMethodWorker.java:108)\n\tat org.testng.TestRunner.privateRun(TestRunner.java:773)\n\tat org.testng.TestRunner.run(TestRunner.java:623)\n\tat org.testng.SuiteRunner.runTest(SuiteRunner.java:357)\n\tat org.testng.SuiteRunner.runSequentially(SuiteRunner.java:352)\n\tat org.testng.SuiteRunner.privateRun(SuiteRunner.java:310)\n\tat org.testng.SuiteRunner.run(SuiteRunner.java:259)\n\tat org.testng.SuiteRunnerWorker.runSuite(SuiteRunnerWorker.java:52)\n\tat org.testng.SuiteRunnerWorker.run(SuiteRunnerWorker.java:86)\n\tat org.testng.TestNG.runSuitesSequentially(TestNG.java:1185)\n\tat org.testng.TestNG.runSuitesLocally(TestNG.java:1110)\n\tat org.testng.TestNG.run(TestNG.java:1018)\n\tat org.apache.maven.surefire.testng.TestNGExecutor.run(TestNGExecutor.java:178)\n\tat org.apache.maven.surefire.testng.TestNGXmlTestSuite.execute(TestNGXmlTestSuite.java:92)\n\tat org.apache.maven.surefire.testng.TestNGProvider.invoke(TestNGProvider.java:96)\n\tat sun.reflect.NativeMethodAccessorImpl.invoke0(Native Method)\n\tat sun.reflect.NativeMethodAccessorImpl.invoke(NativeMethodAccessorImpl.java:62)\n\tat sun.reflect.DelegatingMethodAccessorImpl.invoke(DelegatingMethodAccessorImpl.java:43)\n\tat java.lang.reflect.Method.invoke(Method.java:498)\n\tat org.apache.maven.surefire.util.ReflectionUtils.invokeMethodWithArray2(ReflectionUtils.java:208)\n\tat org.apache.maven.surefire.booter.ProviderFactory$ProviderProxy.invoke(ProviderFactory.java:158)\n\tat org.apache.maven.surefire.booter.ProviderFactory.invokeProvider(ProviderFactory.java:86)\n\tat org.apache.maven.surefire.booter.ForkedBooter.runSuitesInProcess(ForkedBooter.java:153)\n\tat org.apache.maven.surefire.booter.ForkedBooter.main(ForkedBooter.java:95)\n"
  },
  "description" : null,
  "severity" : "NORMAL",
  "status" : "FAILED",
  "steps" : [ {
    "name" : "logReporter[Enter username, false, false]",
    "title" : "Enter username",
    "time" : {
      "start" : 1554818420507,
      "stop" : 1554818421441,
      "duration" : 934
    },
    "summary" : {
      "attachments" : 1,
      "steps" : 0
    },
    "status" : "FAILED",
    "attachments" : [ {
      "title" : "Screenshot",
      "source" : "a8bbeee4-69b8-47ac-9cc2-8391690dec17-attachment.png",
      "type" : "image/png",
      "size" : 21400,
      "uid" : "a42512a465e19089"
    } ],
    "steps" : [ ]
  } ],
  "attachments" : [ ],
  "labels" : [ {
    "name" : "host",
    "value" : "DFWQB9R2"
  }, {
    "name" : "thread",
    "value" : "14380@DFWQB9R2.main"
  }, {
    "name" : "framework",
    "value" : "TestNG"
  }, {
    "name" : "language",
    "value" : "JAVA"
  }, {
    "name" : "feature",
    "value" : "Without feature"
  }, {
    "name" : "story",
    "value" : "Without story"
  } ],
  "parameters" : [ ]
}