{
  "uid" : "a5ddeac9264d305f",
  "name" : "tc6421_addEditLiftSuspendedSuspensionToCustomerProfile[Run1,{CustomerNumber=1955208459, TestCaseID=TC6421}]",
  "title" : "Test 6421",
  "time" : {
    "start" : 1554825452403,
    "stop" : 1554825611582,
    "duration" : 159179
  },
  "summary" : {
    "attachments" : 0,
    "steps" : 7
  },
  "failure" : {
    "message" : "NoSuchElementException: Unable to find element with xpath == //section[@class='sidebar']//li[@id='tabSuspensions']//a[contains(.,'Suspensions')] (WARNING: The server did not provide any stacktrace information)\nCommand duration or timeout: 0 milliseconds\nFor documentation on this error, please visit: http://seleniumhq.org/exceptions/no_such_element.html\nBuild info: version: '3.7.1', revision: '8a0099a', time: '2017-11-06T21:01:39.354Z'\nSystem info: host: 'DFWQB9R2', ip: '192.168.156.88', os.name: 'Windows 10', os.arch: 'amd64', os.version: '10.0', java.version: '1.8.0_162'\nDriver info: org.openqa.selenium.ie.InternetExplorerDriver\nCapabilities {browserAttachTimeout: 0, browserName: internet explorer, elementScrollBehavior: 0, enableElementCacheCleanup: true, enablePersistentHover: true, ie.browserCommandLineSwitches: , ie.enableFullPageScreenshot: true, ie.ensureCleanSession: false, ie.fileUploadDialogTimeout: 3000, ie.forceCreateProcessApi: false, ie.forceShellWindowsApi: false, ignoreProtectedModeSettings: true, ignoreZoomSetting: false, initialBrowserUrl: http://localhost:16558/, javascriptEnabled: true, nativeEvents: true, pageLoadStrategy: normal, platform: WINDOWS, platformName: WINDOWS, requireWindowFocus: false, unexpectedAlertBehaviour: dismiss, unhandledPromptBehavior: dismiss, version: 11}\nSession ID: 733f487f-b9bf-422b-aca2-e39107dbbe23\n*** Element info: {Using=xpath, value=//section[@class='sidebar']//li[@id='tabSuspensions']//a[contains(.,'Suspensions')]}",
    "stackTrace" : "org.openqa.selenium.NoSuchElementException: Unable to find element with xpath == //section[@class='sidebar']//li[@id='tabSuspensions']//a[contains(.,'Suspensions')] (WARNING: The server did not provide any stacktrace information)\nCommand duration or timeout: 0 milliseconds\nFor documentation on this error, please visit: http://seleniumhq.org/exceptions/no_such_element.html\nBuild info: version: '3.7.1', revision: '8a0099a', time: '2017-11-06T21:01:39.354Z'\nSystem info: host: 'DFWQB9R2', ip: '192.168.156.88', os.name: 'Windows 10', os.arch: 'amd64', os.version: '10.0', java.version: '1.8.0_162'\nDriver info: org.openqa.selenium.ie.InternetExplorerDriver\nCapabilities {browserAttachTimeout: 0, browserName: internet explorer, elementScrollBehavior: 0, enableElementCacheCleanup: true, enablePersistentHover: true, ie.browserCommandLineSwitches: , ie.enableFullPageScreenshot: true, ie.ensureCleanSession: false, ie.fileUploadDialogTimeout: 3000, ie.forceCreateProcessApi: false, ie.forceShellWindowsApi: false, ignoreProtectedModeSettings: true, ignoreZoomSetting: false, initialBrowserUrl: http://localhost:16558/, javascriptEnabled: true, nativeEvents: true, pageLoadStrategy: normal, platform: WINDOWS, platformName: WINDOWS, requireWindowFocus: false, unexpectedAlertBehaviour: dismiss, unhandledPromptBehavior: dismiss, version: 11}\nSession ID: 733f487f-b9bf-422b-aca2-e39107dbbe23\n*** Element info: {Using=xpath, value=//section[@class='sidebar']//li[@id='tabSuspensions']//a[contains(.,'Suspensions')]}\n\tat sun.reflect.GeneratedConstructorAccessor58.newInstance(Unknown Source)\n\tat sun.reflect.DelegatingConstructorAccessorImpl.newInstance(DelegatingConstructorAccessorImpl.java:45)\n\tat java.lang.reflect.Constructor.newInstance(Constructor.java:423)\n\tat org.openqa.selenium.remote.ErrorHandler.createThrowable(ErrorHandler.java:214)\n\tat org.openqa.selenium.remote.ErrorHandler.throwIfResponseFailed(ErrorHandler.java:166)\n\tat org.openqa.selenium.remote.http.JsonHttpResponseCodec.reconstructValue(JsonHttpResponseCodec.java:40)\n\tat org.openqa.selenium.remote.http.AbstractHttpResponseCodec.decode(AbstractHttpResponseCodec.java:80)\n\tat org.openqa.selenium.remote.http.AbstractHttpResponseCodec.decode(AbstractHttpResponseCodec.java:44)\n\tat org.openqa.selenium.remote.HttpCommandExecutor.execute(HttpCommandExecutor.java:164)\n\tat org.openqa.selenium.remote.service.DriverCommandExecutor.execute(DriverCommandExecutor.java:83)\n\tat org.openqa.selenium.remote.RemoteWebDriver.execute(RemoteWebDriver.java:600)\n\tat org.openqa.selenium.remote.RemoteWebDriver.findElement(RemoteWebDriver.java:370)\n\tat org.openqa.selenium.remote.RemoteWebDriver.findElementByXPath(RemoteWebDriver.java:472)\n\tat org.openqa.selenium.By$ByXPath.findElement(By.java:361)\n\tat org.openqa.selenium.remote.RemoteWebDriver.findElement(RemoteWebDriver.java:362)\n\tat com.generic.WrapperFunctions.scrollTab(WrapperFunctions.java:2461)\n\tat com.pageFactory.desktopReception.customerProfile_AddSuspendedSuspension_PF.clickSuspensionsTab(customerProfile_AddSuspendedSuspension_PF.java:98)\n\tat com.scripts.desktopReception.customerProfile_AddSuspendedSuspension.tc6421_addEditLiftSuspendedSuspensionToCustomerProfile(customerProfile_AddSuspendedSuspension.java:58)\n\tat sun.reflect.NativeMethodAccessorImpl.invoke0(Native Method)\n\tat sun.reflect.NativeMethodAccessorImpl.invoke(NativeMethodAccessorImpl.java:62)\n\tat sun.reflect.DelegatingMethodAccessorImpl.invoke(DelegatingMethodAccessorImpl.java:43)\n\tat java.lang.reflect.Method.invoke(Method.java:498)\n\tat org.testng.internal.MethodInvocationHelper.invokeMethod(MethodInvocationHelper.java:85)\n\tat org.testng.internal.Invoker.invokeMethod(Invoker.java:639)\n\tat org.testng.internal.Invoker.invokeTestMethod(Invoker.java:821)\n\tat org.testng.internal.Invoker.invokeTestMethods(Invoker.java:1131)\n\tat org.testng.internal.TestMethodWorker.invokeTestMethods(TestMethodWorker.java:124)\n\tat org.testng.internal.TestMethodWorker.run(TestMethodWorker.java:108)\n\tat org.testng.TestRunner.privateRun(TestRunner.java:773)\n\tat org.testng.TestRunner.run(TestRunner.java:623)\n\tat org.testng.SuiteRunner.runTest(SuiteRunner.java:357)\n\tat org.testng.SuiteRunner.runSequentially(SuiteRunner.java:352)\n\tat org.testng.SuiteRunner.privateRun(SuiteRunner.java:310)\n\tat org.testng.SuiteRunner.run(SuiteRunner.java:259)\n\tat org.testng.SuiteRunnerWorker.runSuite(SuiteRunnerWorker.java:52)\n\tat org.testng.SuiteRunnerWorker.run(SuiteRunnerWorker.java:86)\n\tat org.testng.TestNG.runSuitesSequentially(TestNG.java:1185)\n\tat org.testng.TestNG.runSuitesLocally(TestNG.java:1110)\n\tat org.testng.TestNG.run(TestNG.java:1018)\n\tat org.apache.maven.surefire.testng.TestNGExecutor.run(TestNGExecutor.java:178)\n\tat org.apache.maven.surefire.testng.TestNGXmlTestSuite.execute(TestNGXmlTestSuite.java:92)\n\tat org.apache.maven.surefire.testng.TestNGProvider.invoke(TestNGProvider.java:96)\n\tat sun.reflect.NativeMethodAccessorImpl.invoke0(Native Method)\n\tat sun.reflect.NativeMethodAccessorImpl.invoke(NativeMethodAccessorImpl.java:62)\n\tat sun.reflect.DelegatingMethodAccessorImpl.invoke(DelegatingMethodAccessorImpl.java:43)\n\tat java.lang.reflect.Method.invoke(Method.java:498)\n\tat org.apache.maven.surefire.util.ReflectionUtils.invokeMethodWithArray2(ReflectionUtils.java:208)\n\tat org.apache.maven.surefire.booter.ProviderFactory$ProviderProxy.invoke(ProviderFactory.java:158)\n\tat org.apache.maven.surefire.booter.ProviderFactory.invokeProvider(ProviderFactory.java:86)\n\tat org.apache.maven.surefire.booter.ForkedBooter.runSuitesInProcess(ForkedBooter.java:153)\n\tat org.apache.maven.surefire.booter.ForkedBooter.main(ForkedBooter.java:95)\n"
  },
  "description" : {
    "value" : "Customer Profile_Add/edit/view new suspension - Suspended",
    "type" : "TEXT"
  },
  "severity" : "NORMAL",
  "status" : "CANCELED",
  "steps" : [ {
    "name" : "logReporter[Enter username, true, false]",
    "title" : "Enter username",
    "time" : {
      "start" : 1554825457089,
      "stop" : 1554825457090,
      "duration" : 1
    },
    "summary" : {
      "attachments" : 0,
      "steps" : 0
    },
    "status" : "PASSED",
    "attachments" : [ ],
    "steps" : [ ]
  }, {
    "name" : "logReporter[Enter password, true, false]",
    "title" : "Enter password",
    "time" : {
      "start" : 1554825457939,
      "stop" : 1554825457940,
      "duration" : 1
    },
    "summary" : {
      "attachments" : 0,
      "steps" : 0
    },
    "status" : "PASSED",
    "attachments" : [ ],
    "steps" : [ ]
  }, {
    "name" : "logReporter[Click on signBtn, true, false]",
    "title" : "Click on signBtn",
    "time" : {
      "start" : 1554825458430,
      "stop" : 1554825458431,
      "duration" : 1
    },
    "summary" : {
      "attachments" : 0,
      "steps" : 0
    },
    "status" : "PASSED",
    "attachments" : [ ],
    "steps" : [ ]
  }, {
    "name" : "logReporter[Click on Customers Menu tab, true, false]",
    "title" : "Click on Customers Menu tab",
    "time" : {
      "start" : 1554825477519,
      "stop" : 1554825477521,
      "duration" : 2
    },
    "summary" : {
      "attachments" : 0,
      "steps" : 0
    },
    "status" : "PASSED",
    "attachments" : [ ],
    "steps" : [ ]
  }, {
    "name" : "logReporter[Click on Customers tab, true, false]",
    "title" : "Click on Customers tab",
    "time" : {
      "start" : 1554825481293,
      "stop" : 1554825481294,
      "duration" : 1
    },
    "summary" : {
      "attachments" : 0,
      "steps" : 0
    },
    "status" : "PASSED",
    "attachments" : [ ],
    "steps" : [ ]
  }, {
    "name" : "logReporter[search Customer Number '1955208459', true, false]",
    "title" : "search Customer Number '1955208459'",
    "time" : {
      "start" : 1554825483781,
      "stop" : 1554825483782,
      "duration" : 1
    },
    "summary" : {
      "attachments" : 0,
      "steps" : 0
    },
    "status" : "PASSED",
    "attachments" : [ ],
    "steps" : [ ]
  }, {
    "name" : "logReporter[Click on Find button, true, false]",
    "title" : "Click on Find button",
    "time" : {
      "start" : 1554825484554,
      "stop" : 1554825484556,
      "duration" : 2
    },
    "summary" : {
      "attachments" : 0,
      "steps" : 0
    },
    "status" : "PASSED",
    "attachments" : [ ],
    "steps" : [ ]
  } ],
  "attachments" : [ ],
  "labels" : [ {
    "name" : "host",
    "value" : "DFWQB9R2"
  }, {
    "name" : "thread",
    "value" : "14380@DFWQB9R2.main"
  }, {
    "name" : "framework",
    "value" : "TestNG"
  }, {
    "name" : "language",
    "value" : "JAVA"
  }, {
    "name" : "feature",
    "value" : "Without feature"
  }, {
    "name" : "story",
    "value" : "Without story"
  } ],
  "parameters" : [ ]
}