{
  "uid" : "c86bf1d18dfcb4e8",
  "name" : "ViewVoidDebitCard",
  "title" : "View void debit card",
  "time" : {
    "start" : 1554813856531,
    "stop" : 1554813890705,
    "duration" : 34174
  },
  "summary" : {
    "attachments" : 0,
    "steps" : 1
  },
  "failure" : {
    "message" : "TimeoutException: Expected condition failed: waiting for visibility of element located by By.cssSelector: a#DebitCards_ViewDebitCard_Menu (tried for 30 second(s) with 500 MILLISECONDS interval)\nBuild info: version: '3.7.1', revision: '8a0099a', time: '2017-11-06T21:01:39.354Z'\nSystem info: host: 'DFWQB9R2', ip: '192.168.156.88', os.name: 'Windows 10', os.arch: 'amd64', os.version: '10.0', java.version: '1.8.0_162'\nDriver info: org.openqa.selenium.ie.InternetExplorerDriver\nCapabilities {browserAttachTimeout: 0, browserName: internet explorer, elementScrollBehavior: 0, enableElementCacheCleanup: true, enablePersistentHover: true, ie.browserCommandLineSwitches: , ie.enableFullPageScreenshot: true, ie.ensureCleanSession: false, ie.fileUploadDialogTimeout: 3000, ie.forceCreateProcessApi: false, ie.forceShellWindowsApi: false, ignoreProtectedModeSettings: true, ignoreZoomSetting: false, initialBrowserUrl: http://localhost:34169/, javascriptEnabled: true, nativeEvents: true, pageLoadStrategy: normal, platform: WINDOWS, platformName: WINDOWS, requireWindowFocus: false, unexpectedAlertBehaviour: dismiss, unhandledPromptBehavior: dismiss, version: 11}\nSession ID: 5aa1fba0-2638-4f43-a23b-78c9a7bfea72",
    "stackTrace" : "org.openqa.selenium.TimeoutException: Expected condition failed: waiting for visibility of element located by By.cssSelector: a#DebitCards_ViewDebitCard_Menu (tried for 30 second(s) with 500 MILLISECONDS interval)\nBuild info: version: '3.7.1', revision: '8a0099a', time: '2017-11-06T21:01:39.354Z'\nSystem info: host: 'DFWQB9R2', ip: '192.168.156.88', os.name: 'Windows 10', os.arch: 'amd64', os.version: '10.0', java.version: '1.8.0_162'\nDriver info: org.openqa.selenium.ie.InternetExplorerDriver\nCapabilities {browserAttachTimeout: 0, browserName: internet explorer, elementScrollBehavior: 0, enableElementCacheCleanup: true, enablePersistentHover: true, ie.browserCommandLineSwitches: , ie.enableFullPageScreenshot: true, ie.ensureCleanSession: false, ie.fileUploadDialogTimeout: 3000, ie.forceCreateProcessApi: false, ie.forceShellWindowsApi: false, ignoreProtectedModeSettings: true, ignoreZoomSetting: false, initialBrowserUrl: http://localhost:34169/, javascriptEnabled: true, nativeEvents: true, pageLoadStrategy: normal, platform: WINDOWS, platformName: WINDOWS, requireWindowFocus: false, unexpectedAlertBehaviour: dismiss, unhandledPromptBehavior: dismiss, version: 11}\nSession ID: 5aa1fba0-2638-4f43-a23b-78c9a7bfea72\n\tat org.openqa.selenium.support.ui.WebDriverWait.timeoutException(WebDriverWait.java:82)\n\tat org.openqa.selenium.support.ui.FluentWait.until(FluentWait.java:231)\n\tat com.generic.WrapperFunctions.click(WrapperFunctions.java:730)\n\tat com.pageFactory.CashierManagerTC.TopNavigation_Credit.NavigteToViewDebitCards(TopNavigation_Credit.java:783)\n\tat com.scripts.noen.CashierAndManagerTC.AddDebitCardManualSameCard.ViewVoidDebitCard(AddDebitCardManualSameCard.java:48)\n\tat sun.reflect.NativeMethodAccessorImpl.invoke0(Native Method)\n\tat sun.reflect.NativeMethodAccessorImpl.invoke(NativeMethodAccessorImpl.java:62)\n\tat sun.reflect.DelegatingMethodAccessorImpl.invoke(DelegatingMethodAccessorImpl.java:43)\n\tat java.lang.reflect.Method.invoke(Method.java:498)\n\tat org.testng.internal.MethodInvocationHelper.invokeMethod(MethodInvocationHelper.java:85)\n\tat org.testng.internal.Invoker.invokeMethod(Invoker.java:639)\n\tat org.testng.internal.Invoker.retryFailed(Invoker.java:968)\n\tat org.testng.internal.Invoker.invokeTestMethods(Invoker.java:1149)\n\tat org.testng.internal.TestMethodWorker.invokeTestMethods(TestMethodWorker.java:124)\n\tat org.testng.internal.TestMethodWorker.run(TestMethodWorker.java:108)\n\tat org.testng.TestRunner.privateRun(TestRunner.java:773)\n\tat org.testng.TestRunner.run(TestRunner.java:623)\n\tat org.testng.SuiteRunner.runTest(SuiteRunner.java:357)\n\tat org.testng.SuiteRunner.runSequentially(SuiteRunner.java:352)\n\tat org.testng.SuiteRunner.privateRun(SuiteRunner.java:310)\n\tat org.testng.SuiteRunner.run(SuiteRunner.java:259)\n\tat org.testng.SuiteRunnerWorker.runSuite(SuiteRunnerWorker.java:52)\n\tat org.testng.SuiteRunnerWorker.run(SuiteRunnerWorker.java:86)\n\tat org.testng.TestNG.runSuitesSequentially(TestNG.java:1185)\n\tat org.testng.TestNG.runSuitesLocally(TestNG.java:1110)\n\tat org.testng.TestNG.run(TestNG.java:1018)\n\tat org.apache.maven.surefire.testng.TestNGExecutor.run(TestNGExecutor.java:178)\n\tat org.apache.maven.surefire.testng.TestNGXmlTestSuite.execute(TestNGXmlTestSuite.java:92)\n\tat org.apache.maven.surefire.testng.TestNGProvider.invoke(TestNGProvider.java:96)\n\tat sun.reflect.NativeMethodAccessorImpl.invoke0(Native Method)\n\tat sun.reflect.NativeMethodAccessorImpl.invoke(NativeMethodAccessorImpl.java:62)\n\tat sun.reflect.DelegatingMethodAccessorImpl.invoke(DelegatingMethodAccessorImpl.java:43)\n\tat java.lang.reflect.Method.invoke(Method.java:498)\n\tat org.apache.maven.surefire.util.ReflectionUtils.invokeMethodWithArray2(ReflectionUtils.java:208)\n\tat org.apache.maven.surefire.booter.ProviderFactory$ProviderProxy.invoke(ProviderFactory.java:158)\n\tat org.apache.maven.surefire.booter.ProviderFactory.invokeProvider(ProviderFactory.java:86)\n\tat org.apache.maven.surefire.booter.ForkedBooter.runSuitesInProcess(ForkedBooter.java:153)\n\tat org.apache.maven.surefire.booter.ForkedBooter.main(ForkedBooter.java:95)\n"
  },
  "description" : null,
  "severity" : "NORMAL",
  "status" : "BROKEN",
  "steps" : [ {
    "name" : "logReporter[Click on top Navigation Credit, true, false]",
    "title" : "Click on top Navigation Credit",
    "time" : {
      "start" : 1554813860282,
      "stop" : 1554813860284,
      "duration" : 2
    },
    "summary" : {
      "attachments" : 0,
      "steps" : 0
    },
    "status" : "PASSED",
    "attachments" : [ ],
    "steps" : [ ]
  } ],
  "attachments" : [ ],
  "labels" : [ {
    "name" : "host",
    "value" : "DFWQB9R2"
  }, {
    "name" : "thread",
    "value" : "14380@DFWQB9R2.main"
  }, {
    "name" : "framework",
    "value" : "TestNG"
  }, {
    "name" : "language",
    "value" : "JAVA"
  }, {
    "name" : "feature",
    "value" : "Without feature"
  }, {
    "name" : "story",
    "value" : "Without story"
  } ],
  "parameters" : [ ]
}