<?xml version="1.0" encoding="UTF-8"?>
<testng-results ignored="0" total="1" passed="0" failed="1" skipped="0">
  <reporter-output>
    <line>
      <![CDATA[Step >> Enter username]]>
    </line>
    <line>
      <![CDATA[Step >> Enter password]]>
    </line>
    <line>
      <![CDATA[Step >> Click on signBtn]]>
    </line>
    <line>
      <![CDATA[Step >> Click on transaction Tab]]>
    </line>
    <line>
      <![CDATA[Step >> Click on bally Tickets Issued Tab]]>
    </line>
    <line>
      <![CDATA[Step >> Enter Machine Number]]>
    </line>
  </reporter-output>
  <suite started-at="2025-06-25T11:11:02Z" name="Default suite" finished-at="2025-06-25T11:14:09Z" duration-ms="187575">
    <groups>
    </groups>
    <test started-at="2025-06-25T11:11:02Z" name="Default test" finished-at="2025-06-25T11:14:09Z" duration-ms="187575">
      <class name="com.scripts.desktopReception.ballyTickets">
        <test-method signature="VerifyballyTickets()[pri:0, instance:com.scripts.desktopReception.ballyTickets@5529522f]" started-at="2025-06-25T16:41:02Z" name="VerifyballyTickets" finished-at="2025-06-25T16:44:08Z" duration-ms="186339" status="FAIL">
          <exception class="java.lang.AssertionError">
            <message>
              <![CDATA[expected [true] but found [false]]]>
            </message>
            <full-stacktrace>
              <![CDATA[java.lang.AssertionError: expected [true] but found [false]
	at org.testng.Assert.fail(Assert.java:93)
	at org.testng.Assert.failNotEquals(Assert.java:512)
	at org.testng.Assert.assertTrue(Assert.java:41)
	at org.testng.Assert.assertTrue(Assert.java:51)
	at com.generic.Utilities.addAssertTakeScreenShot(Utilities.java:383)
	at com.generic.Utilities.logReporter(Utilities.java:307)
	at com.pageFactory.desktopReception.ballyTickets_PF.navigateToBallyTicketsIssuedTab(ballyTickets_PF.java:96)
	at com.scripts.desktopReception.ballyTickets.VerifyballyTickets(ballyTickets.java:27)
	at java.base/jdk.internal.reflect.DirectMethodHandleAccessor.invoke(DirectMethodHandleAccessor.java:103)
	at java.base/java.lang.reflect.Method.invoke(Method.java:580)
	at org.testng.internal.MethodInvocationHelper.invokeMethod(MethodInvocationHelper.java:108)
	at org.testng.internal.Invoker.invokeMethod(Invoker.java:661)
	at org.testng.internal.Invoker.invokeTestMethod(Invoker.java:869)
	at org.testng.internal.Invoker.invokeTestMethods(Invoker.java:1193)
	at org.testng.internal.TestMethodWorker.invokeTestMethods(TestMethodWorker.java:126)
	at org.testng.internal.TestMethodWorker.run(TestMethodWorker.java:109)
	at org.testng.TestRunner.privateRun(TestRunner.java:744)
	at org.testng.TestRunner.run(TestRunner.java:602)
	at org.testng.SuiteRunner.runTest(SuiteRunner.java:380)
	at org.testng.SuiteRunner.runSequentially(SuiteRunner.java:375)
	at org.testng.SuiteRunner.privateRun(SuiteRunner.java:340)
	at org.testng.SuiteRunner.run(SuiteRunner.java:289)
	at org.testng.SuiteRunnerWorker.runSuite(SuiteRunnerWorker.java:52)
	at org.testng.SuiteRunnerWorker.run(SuiteRunnerWorker.java:86)
	at org.testng.TestNG.runSuitesSequentially(TestNG.java:1301)
	at org.testng.TestNG.runSuitesLocally(TestNG.java:1226)
	at org.testng.TestNG.runSuites(TestNG.java:1144)
	at org.testng.TestNG.run(TestNG.java:1115)
	at org.testng.remote.AbstractRemoteTestNG.run(AbstractRemoteTestNG.java:115)
	at org.testng.remote.RemoteTestNG.initAndRun(RemoteTestNG.java:293)
	at org.testng.remote.RemoteTestNG.main(RemoteTestNG.java:91)
]]>
            </full-stacktrace>
          </exception> <!-- java.lang.AssertionError -->
          <reporter-output>
            <line>
              <![CDATA[Step >> Enter username]]>
            </line>
            <line>
              <![CDATA[Step >> Enter password]]>
            </line>
            <line>
              <![CDATA[Step >> Click on signBtn]]>
            </line>
            <line>
              <![CDATA[Step >> Click on transaction Tab]]>
            </line>
            <line>
              <![CDATA[Step >> Click on bally Tickets Issued Tab]]>
            </line>
            <line>
              <![CDATA[Step >> Enter Machine Number]]>
            </line>
          </reporter-output>
        </test-method> <!-- VerifyballyTickets -->
        <test-method is-config="true" signature="tearDown()[pri:0, instance:com.scripts.desktopReception.ballyTickets@5529522f]" started-at="2025-06-25T16:44:08Z" name="tearDown" finished-at="2025-06-25T16:44:09Z" duration-ms="1129" status="PASS">
          <reporter-output>
          </reporter-output>
        </test-method> <!-- tearDown -->
      </class> <!-- com.scripts.desktopReception.ballyTickets -->
    </test> <!-- Default test -->
  </suite> <!-- Default suite -->
</testng-results>
